2025-03-27 14:15:24,302 - INFO - Server started with Protocol: UDP, Port: 12345, Size: 10 ms
2025-03-27 14:15:25,460 - INFO - PyAudio Device Initialized
2025-03-27 14:15:25,466 - INFO - Expecting Sequence #0
2025-03-27 14:15:36,480 - INFO - Client started with Protocol: UDP, Host: localhost, Port: 12345, Size: 10 ms
2025-03-27 14:15:36,733 - INFO - PyAudio Device Initialized
2025-03-27 14:15:36,766 - INFO - Sending Sequence #0 (884 bytes)
2025-03-27 14:15:36,777 - INFO - Sending Sequence #1 (884 bytes)
2025-03-27 14:15:36,777 - INFO - Received Sequence #0 (884 bytes)
2025-03-27 14:15:36,777 - INFO - Packets Received: 1, Lost Packets: 0, Loss Rate: 0.00%, Uptime: 12.53s
2025-03-27 14:15:36,778 - INFO - Expecting Sequence #1
2025-03-27 14:15:36,778 - INFO - Received Sequence #1 (884 bytes)
2025-03-27 14:15:36,778 - INFO - Packets Received: 2, Lost Packets: 0, Loss Rate: 0.00%, Uptime: 12.54s
2025-03-27 14:15:36,778 - INFO - Expecting Sequence #2
2025-03-27 14:15:36,786 - INFO - Sending Sequence #2 (884 bytes)
2025-03-27 14:15:36,788 - INFO - Sending Sequence #3 (884 bytes)

2025-03-27 14:15:36,788 - INFO - Packets Received: 3, Lost Packets: 0, Loss Rate: 0.00%, Uptime: 12.55s
2025-03-27 14:15:36,788 - INFO - Expecting Sequence #3
2025-03-27 14:15:36,790 - INFO - Received Sequence #3 (884 bytes)
2025-03-27 14:15:36,791 - INFO - Packets Received: 4, Lost Packets: 0, Loss Rate: 0.00%, Uptime: 12.55s
2025-03-27 14:15:36,791 - INFO - Expecting Sequence #4
2025-03-27 14:15:36,806 - INFO - Sending Sequence #4 (884 bytes)
2025-03-27 14:15:36,807 - INFO - Sending Sequence #5 (884 bytes)
2025-03-27 14:15:36,807 - INFO - Received Sequence #4 (884 bytes)
2025-03-27 14:15:36,807 - INFO - Packets Received: 5, Lost Packets: 0, Loss Rate: 0.00%, Uptime: 12.56s
2025-03-27 14:15:36,807 - INFO - Expecting Sequence #5
2025-03-27 14:15:36,807 - INFO - Received Sequence #5 (884 bytes)
2025-03-27 14:15:36,809 - INFO - Packets Received: 6, Lost Packets: 0, Loss Rate: 0.00%, Uptime: 12.56s
2025-03-27 14:15:36,809 - INFO - Expecting Sequence #6
2025-03-27 14:15:36,826 - INFO - Sending Sequence #6 (884 bytes)
2025-03-27 14:15:36,827 - INFO - Sending Sequence #7 (884 bytes)
2025-03-27 14:15:36,827 - INFO - Received Sequence #6 (884 bytes)
2025-03-27 14:15:36,827 - INFO - Packets Received: 7, Lost Packets: 0, Loss Rate: 0.00%, Uptime: 12.59s
2025-03-27 14:15:36,827 - INFO - Expecting Sequence #7
2025-03-27 14:15:36,827 - INFO - Received Sequence #7 (884 bytes)
2025-03-27 14:15:36,827 - INFO - Packets Received: 8, Lost Packets: 0, Loss Rate: 0.00%, Uptime: 12.59s
2025-03-27 14:15:36,827 - INFO - Expecting Sequence #8
2025-03-27 14:15:36,846 - INFO - Sending Sequence #8 (884 bytes)
2025-03-27 14:15:36,846 - INFO - Received Sequence #8 (884 bytes)
2025-03-27 14:15:36,846 - INFO - Sending Sequence #9 (884 bytes)
2025-03-27 14:15:36,848 - INFO - Packets Received: 9, Lost Packets: 0, Loss Rate: 0.00%, Uptime: 12.61s
2025-03-27 14:15:36,848 - INFO - Expecting Sequence #9
2025-03-27 14:15:36,848 - INFO - Received Sequence #9 (884 bytes)
2025-03-27 14:15:36,850 - INFO - Packets Received: 10, Lost Packets: 0, Loss Rate: 0.00%, Uptime: 12.61s
2025-03-27 14:15:36,850 - INFO - Expecting Sequence #10
2025-03-27 14:15:36,866 - INFO - Sending Sequence #10 (884 bytes)
2025-03-27 14:15:36,867 - INFO - Received Sequence #10 (884 bytes)
2025-03-27 14:15:36,867 - INFO - Packets Received: 11, Lost Packets: 0, Loss Rate: 0.00%, Uptime: 12.63s
2025-03-27 14:15:36,867 - INFO - Expecting Sequence #11
2025-03-27 14:15:36,867 - INFO - Received Sequence #11 (884 bytes)
2025-03-27 14:15:36,869 - INFO - Packets Received: 12, Lost Packets: 0, Loss Rate: 0.00%, Uptime: 12.63s
2025-03-27 14:15:36,869 - INFO - Expecting Sequence #12
2025-03-27 14:15:36,886 - INFO - Sending Sequence #12 (884 bytes)
2025-03-27 14:15:36,887 - INFO - Sending Sequence #13 (884 bytes)

2025-03-27 14:15:36,887 - INFO - Packets Received: 13, Lost Packets: 0, Loss Rate: 0.00%, Uptime: 12.65s
2025-03-27 14:15:36,887 - INFO - Expecting Sequence #13
2025-03-27 14:15:36,889 - INFO - Received Sequence #13 (884 bytes)
2025-03-27 14:15:36,890 - INFO - Packets Received: 14, Lost Packets: 0, Loss Rate: 0.00%, Uptime: 12.65s
2025-03-27 14:15:36,890 - INFO - Expecting Sequence #14
2025-03-27 14:15:36,906 - INFO - Sending Sequence #14 (884 bytes)
2025-03-27 14:15:36,906 - INFO - Sending Sequence #15 (884 bytes)
2025-03-27 14:15:36,906 - INFO - Received Sequence #14 (884 bytes)
2025-03-27 14:15:36,906 - INFO - Packets Received: 15, Lost Packets: 0, Loss Rate: 0.00%, Uptime: 12.66s
2025-03-27 14:15:36,906 - INFO - Expecting Sequence #15
2025-03-27 14:15:36,909 - INFO - Received Sequence #15 (884 bytes)
2025-03-27 14:15:36,909 - INFO - Packets Received: 16, Lost Packets: 0, Loss Rate: 0.00%, Uptime: 12.67s
2025-03-27 14:15:36,909 - INFO - Expecting Sequence #16
2025-03-27 14:15:36,926 - INFO - Sending Sequence #16 (884 bytes)
2025-03-27 14:15:36,927 - INFO - Received Sequence #16 (884 bytes)
2025-03-27 14:15:36,927 - INFO - Packets Received: 17, Lost Packets: 0, Loss Rate: 0.00%, Uptime: 12.69s
2025-03-27 14:15:36,927 - INFO - Expecting Sequence #17
2025-03-27 14:15:36,927 - INFO - Received Sequence #17 (884 bytes)
2025-03-27 14:15:36,927 - INFO - Packets Received: 18, Lost Packets: 0, Loss Rate: 0.00%, Uptime: 12.69s
2025-03-27 14:15:36,927 - INFO - Expecting Sequence #18
2025-03-27 14:15:36,946 - INFO - Sending Sequence #18 (884 bytes)
2025-03-27 14:15:36,947 - INFO - Received Sequence #18 (884 bytes)
2025-03-27 14:15:36,950 - INFO - Packets Received: 19, Lost Packets: 0, Loss Rate: 0.00%, Uptime: 12.71s
2025-03-27 14:15:36,950 - INFO - Expecting Sequence #19
2025-03-27 14:15:36,950 - INFO - Received Sequence #19 (884 bytes)
2025-03-27 14:15:36,951 - INFO - Packets Received: 20, Lost Packets: 0, Loss Rate: 0.00%, Uptime: 12.71s
2025-03-27 14:15:36,951 - INFO - Expecting Sequence #20
2025-03-27 14:15:36,966 - INFO - Sending Sequence #20 (884 bytes)
2025-03-27 14:15:36,966 - INFO - Sending Sequence #21 (884 bytes)

2025-03-27 14:15:36,966 - INFO - Packets Received: 21, Lost Packets: 0, Loss Rate: 0.00%, Uptime: 12.72s
2025-03-27 14:15:36,966 - INFO - Expecting Sequence #21
2025-03-27 14:15:36,966 - INFO - Received Sequence #21 (884 bytes)
2025-03-27 14:15:36,970 - INFO - Packets Received: 22, Lost Packets: 0, Loss Rate: 0.00%, Uptime: 12.73s
2025-03-27 14:15:36,970 - INFO - Expecting Sequence #22
2025-03-27 14:15:36,986 - INFO - Sending Sequence #22 (884 bytes)
2025-03-27 14:15:36,987 - INFO - Received Sequence #22 (884 bytes)
2025-03-27 14:15:36,987 - INFO - Packets Received: 23, Lost Packets: 0, Loss Rate: 0.00%, Uptime: 12.74s
2025-03-27 14:15:36,989 - INFO - Expecting Sequence #23
2025-03-27 14:15:36,989 - INFO - Received Sequence #23 (884 bytes)
2025-03-27 14:15:36,989 - INFO - Packets Received: 24, Lost Packets: 0, Loss Rate: 0.00%, Uptime: 12.75s
2025-03-27 14:15:36,989 - INFO - Expecting Sequence #24
2025-03-27 14:15:37,006 - INFO - Sending Sequence #24 (884 bytes)
2025-03-27 14:15:37,008 - INFO - Sending Sequence #25 (884 bytes)

2025-03-27 14:15:37,008 - INFO - Packets Received: 25, Lost Packets: 0, Loss Rate: 0.00%, Uptime: 12.77s
2025-03-27 14:15:37,008 - INFO - Expecting Sequence #25
2025-03-27 14:15:37,009 - INFO - Received Sequence #25 (884 bytes)
2025-03-27 14:15:37,009 - INFO - Packets Received: 26, Lost Packets: 0, Loss Rate: 0.00%, Uptime: 12.77s
2025-03-27 14:15:37,009 - INFO - Expecting Sequence #26
2025-03-27 14:15:37,026 - INFO - Sending Sequence #26 (884 bytes)
2025-03-27 14:15:37,028 - INFO - Received Sequence #26 (884 bytes)
2025-03-27 14:15:37,028 - INFO - Packets Received: 27, Lost Packets: 0, Loss Rate: 0.00%, Uptime: 12.79s
2025-03-27 14:15:37,028 - INFO - Expecting Sequence #27
2025-03-27 14:15:37,028 - INFO - Received Sequence #27 (884 bytes)
2025-03-27 14:15:37,029 - INFO - Packets Received: 28, Lost Packets: 0, Loss Rate: 0.00%, Uptime: 12.79s
2025-03-27 14:15:37,029 - INFO - Expecting Sequence #28
2025-03-27 14:15:37,046 - INFO - Sending Sequence #28 (884 bytes)
2025-03-27 14:15:37,049 - INFO - Received Sequence #28 (884 bytes)
2025-03-27 14:15:37,049 - INFO - Packets Received: 29, Lost Packets: 0, Loss Rate: 0.00%, Uptime: 12.81s
2025-03-27 14:15:37,049 - INFO - Expecting Sequence #29
2025-03-27 14:15:37,049 - INFO - Received Sequence #29 (884 bytes)
2025-03-27 14:15:37,049 - INFO - Packets Received: 30, Lost Packets: 0, Loss Rate: 0.00%, Uptime: 12.81s
2025-03-27 14:15:37,049 - INFO - Expecting Sequence #30
2025-03-27 14:15:37,066 - INFO - Sending Sequence #30 (884 bytes)
2025-03-27 14:15:37,067 - INFO - Sending Sequence #31 (884 bytes)
2025-03-27 14:15:37,067 - INFO - Received Sequence #30 (884 bytes)
2025-03-27 14:15:37,067 - INFO - Packets Received: 31, Lost Packets: 0, Loss Rate: 0.00%, Uptime: 12.82s
2025-03-27 14:15:37,069 - INFO - Expecting Sequence #31
2025-03-27 14:15:37,069 - INFO - Received Sequence #31 (884 bytes)
2025-03-27 14:15:37,069 - INFO - Packets Received: 32, Lost Packets: 0, Loss Rate: 0.00%, Uptime: 12.83s
2025-03-27 14:15:37,069 - INFO - Expecting Sequence #32
2025-03-27 14:15:37,086 - INFO - Sending Sequence #32 (884 bytes)
2025-03-27 14:15:37,087 - INFO - Sending Sequence #33 (884 bytes)
2025-03-27 14:15:37,087 - INFO - Received Sequence #32 (884 bytes)
2025-03-27 14:15:37,087 - INFO - Packets Received: 33, Lost Packets: 0, Loss Rate: 0.00%, Uptime: 12.85s
2025-03-27 14:15:37,087 - INFO - Expecting Sequence #33
2025-03-27 14:15:37,087 - INFO - Received Sequence #33 (884 bytes)
2025-03-27 14:15:37,090 - INFO - Packets Received: 34, Lost Packets: 0, Loss Rate: 0.00%, Uptime: 12.85s
2025-03-27 14:15:37,090 - INFO - Expecting Sequence #34
2025-03-27 14:15:37,106 - INFO - Sending Sequence #34 (884 bytes)
2025-03-27 14:15:37,106 - INFO - Sending Sequence #35 (884 bytes)
2025-03-27 14:15:37,108 - INFO - Received Sequence #34 (884 bytes)
2025-03-27 14:15:37,108 - INFO - Packets Received: 35, Lost Packets: 0, Loss Rate: 0.00%, Uptime: 12.87s
2025-03-27 14:15:37,108 - INFO - Expecting Sequence #35
2025-03-27 14:15:37,108 - INFO - Received Sequence #35 (884 bytes)
2025-03-27 14:15:37,108 - INFO - Packets Received: 36, Lost Packets: 0, Loss Rate: 0.00%, Uptime: 12.87s
2025-03-27 14:15:37,108 - INFO - Expecting Sequence #36
2025-03-27 14:15:37,126 - INFO - Sending Sequence #36 (884 bytes)
2025-03-27 14:15:37,128 - INFO - Received Sequence #36 (884 bytes)
2025-03-27 14:15:37,128 - INFO - Sending Sequence #37 (884 bytes)
2025-03-27 14:15:37,128 - INFO - Packets Received: 37, Lost Packets: 0, Loss Rate: 0.00%, Uptime: 12.89s
2025-03-27 14:15:37,128 - INFO - Expecting Sequence #37
2025-03-27 14:15:37,128 - INFO - Received Sequence #37 (884 bytes)
2025-03-27 14:15:37,132 - INFO - Packets Received: 38, Lost Packets: 0, Loss Rate: 0.00%, Uptime: 12.89s
2025-03-27 14:15:37,132 - INFO - Expecting Sequence #38
2025-03-27 14:15:37,146 - INFO - Sending Sequence #38 (884 bytes)
2025-03-27 14:15:37,149 - INFO - Received Sequence #38 (884 bytes)
2025-03-27 14:15:37,149 - INFO - Sending Sequence #39 (884 bytes)
2025-03-27 14:15:37,149 - INFO - Packets Received: 39, Lost Packets: 0, Loss Rate: 0.00%, Uptime: 12.91s
2025-03-27 14:15:37,149 - INFO - Expecting Sequence #39
2025-03-27 14:15:37,151 - INFO - Received Sequence #39 (884 bytes)
2025-03-27 14:15:37,151 - INFO - Packets Received: 40, Lost Packets: 0, Loss Rate: 0.00%, Uptime: 12.91s
2025-03-27 14:15:37,151 - INFO - Expecting Sequence #40
2025-03-27 14:15:37,167 - INFO - Sending Sequence #40 (884 bytes)
2025-03-27 14:15:37,168 - INFO - Received Sequence #40 (884 bytes)
2025-03-27 14:15:37,168 - INFO - Packets Received: 41, Lost Packets: 0, Loss Rate: 0.00%, Uptime: 12.93s
2025-03-27 14:15:37,168 - INFO - Expecting Sequence #41
2025-03-27 14:15:37,168 - INFO - Received Sequence #41 (884 bytes)
2025-03-27 14:15:37,168 - INFO - Packets Received: 42, Lost Packets: 0, Loss Rate: 0.00%, Uptime: 12.93s
2025-03-27 14:15:37,168 - INFO - Expecting Sequence #42
2025-03-27 14:15:37,186 - INFO - Sending Sequence #42 (884 bytes)
2025-03-27 14:15:37,186 - INFO - Sending Sequence #43 (884 bytes)
2025-03-27 14:15:37,186 - INFO - Received Sequence #42 (884 bytes)
2025-03-27 14:15:37,188 - INFO - Packets Received: 43, Lost Packets: 0, Loss Rate: 0.00%, Uptime: 12.94s
2025-03-27 14:15:37,188 - INFO - Expecting Sequence #43
2025-03-27 14:15:37,188 - INFO - Received Sequence #43 (884 bytes)
2025-03-27 14:15:37,188 - INFO - Packets Received: 44, Lost Packets: 0, Loss Rate: 0.00%, Uptime: 12.95s
2025-03-27 14:15:37,188 - INFO - Expecting Sequence #44
2025-03-27 14:15:37,206 - INFO - Sending Sequence #44 (884 bytes)
2025-03-27 14:15:37,206 - INFO - Sending Sequence #45 (884 bytes)
2025-03-27 14:15:37,206 - INFO - Received Sequence #44 (884 bytes)
2025-03-27 14:15:37,206 - INFO - Packets Received: 45, Lost Packets: 0, Loss Rate: 0.00%, Uptime: 12.96s
2025-03-27 14:15:37,206 - INFO - Expecting Sequence #45
2025-03-27 14:15:37,206 - INFO - Received Sequence #45 (884 bytes)
2025-03-27 14:15:37,206 - INFO - Packets Received: 46, Lost Packets: 0, Loss Rate: 0.00%, Uptime: 12.96s
2025-03-27 14:15:37,206 - INFO - Expecting Sequence #46
2025-03-27 14:15:37,226 - INFO - Sending Sequence #46 (884 bytes)
2025-03-27 14:15:37,226 - INFO - Received Sequence #46 (884 bytes)
2025-03-27 14:15:37,226 - INFO - Sending Sequence #47 (884 bytes)
2025-03-27 14:15:37,226 - INFO - Packets Received: 47, Lost Packets: 0, Loss Rate: 0.00%, Uptime: 12.98s
2025-03-27 14:15:37,226 - INFO - Expecting Sequence #47
2025-03-27 14:15:37,226 - INFO - Received Sequence #47 (884 bytes)
2025-03-27 14:15:37,226 - INFO - Packets Received: 48, Lost Packets: 0, Loss Rate: 0.00%, Uptime: 12.98s
2025-03-27 14:15:37,226 - INFO - Expecting Sequence #48
2025-03-27 14:15:37,246 - INFO - Sending Sequence #48 (884 bytes)
2025-03-27 14:15:37,248 - INFO - Received Sequence #48 (884 bytes)
2025-03-27 14:15:37,248 - INFO - Sending Sequence #49 (884 bytes)
2025-03-27 14:15:37,250 - INFO - Packets Received: 49, Lost Packets: 0, Loss Rate: 0.00%, Uptime: 13.01s
2025-03-27 14:15:37,250 - INFO - Expecting Sequence #49
2025-03-27 14:15:37,250 - INFO - Received Sequence #49 (884 bytes)
2025-03-27 14:15:37,252 - INFO - Packets Received: 50, Lost Packets: 0, Loss Rate: 0.00%, Uptime: 13.01s
2025-03-27 14:15:37,252 - INFO - Expecting Sequence #50
2025-03-27 14:15:37,266 - INFO - Sending Sequence #50 (884 bytes)
2025-03-27 14:15:37,268 - INFO - Received Sequence #50 (884 bytes)
2025-03-27 14:15:37,269 - INFO - Packets Received: 51, Lost Packets: 0, Loss Rate: 0.00%, Uptime: 13.03s
2025-03-27 14:15:37,269 - INFO - Expecting Sequence #51
2025-03-27 14:15:37,271 - INFO - Received Sequence #51 (884 bytes)
2025-03-27 14:15:37,271 - INFO - Packets Received: 52, Lost Packets: 0, Loss Rate: 0.00%, Uptime: 13.03s
2025-03-27 14:15:37,272 - INFO - Expecting Sequence #52
2025-03-27 14:15:37,286 - INFO - Sending Sequence #52 (884 bytes)
2025-03-27 14:15:37,287 - INFO - Sending Sequence #53 (884 bytes)
2025-03-27 14:15:37,287 - INFO - Received Sequence #52 (884 bytes)
2025-03-27 14:15:37,287 - INFO - Packets Received: 53, Lost Packets: 0, Loss Rate: 0.00%, Uptime: 13.04s
2025-03-27 14:15:37,287 - INFO - Expecting Sequence #53
2025-03-27 14:15:37,287 - INFO - Received Sequence #53 (884 bytes)
2025-03-27 14:15:37,287 - INFO - Packets Received: 54, Lost Packets: 0, Loss Rate: 0.00%, Uptime: 13.04s
2025-03-27 14:15:37,287 - INFO - Expecting Sequence #54
2025-03-27 14:15:37,306 - INFO - Sending Sequence #54 (884 bytes)
2025-03-27 14:15:37,307 - INFO - Sending Sequence #55 (884 bytes)
2025-03-27 14:15:37,307 - INFO - Received Sequence #54 (884 bytes)
2025-03-27 14:15:37,307 - INFO - Packets Received: 55, Lost Packets: 0, Loss Rate: 0.00%, Uptime: 13.06s
2025-03-27 14:15:37,307 - INFO - Expecting Sequence #55
2025-03-27 14:15:37,307 - INFO - Received Sequence #55 (884 bytes)
2025-03-27 14:15:37,309 - INFO - Packets Received: 56, Lost Packets: 0, Loss Rate: 0.00%, Uptime: 13.07s
2025-03-27 14:15:37,309 - INFO - Expecting Sequence #56
2025-03-27 14:15:37,326 - INFO - Sending Sequence #56 (884 bytes)
2025-03-27 14:15:37,327 - INFO - Sending Sequence #57 (884 bytes)

2025-03-27 14:15:37,327 - INFO - Packets Received: 57, Lost Packets: 0, Loss Rate: 0.00%, Uptime: 13.08s
2025-03-27 14:15:37,327 - INFO - Expecting Sequence #57
2025-03-27 14:15:37,327 - INFO - Received Sequence #57 (884 bytes)
2025-03-27 14:15:37,327 - INFO - Packets Received: 58, Lost Packets: 0, Loss Rate: 0.00%, Uptime: 13.08s
2025-03-27 14:15:37,327 - INFO - Expecting Sequence #58
2025-03-27 14:15:37,346 - INFO - Sending Sequence #58 (884 bytes)
2025-03-27 14:15:37,348 - INFO - Sending Sequence #59 (884 bytes)
2025-03-27 14:15:37,348 - INFO - Received Sequence #58 (884 bytes)
2025-03-27 14:15:37,348 - INFO - Packets Received: 59, Lost Packets: 0, Loss Rate: 0.00%, Uptime: 13.11s
2025-03-27 14:15:37,348 - INFO - Expecting Sequence #59
2025-03-27 14:15:37,350 - INFO - Received Sequence #59 (884 bytes)
2025-03-27 14:15:37,350 - INFO - Packets Received: 60, Lost Packets: 0, Loss Rate: 0.00%, Uptime: 13.11s
2025-03-27 14:15:37,350 - INFO - Expecting Sequence #60
2025-03-27 14:15:37,366 - INFO - Sending Sequence #60 (884 bytes)
2025-03-27 14:15:37,368 - INFO - Sending Sequence #61 (884 bytes)

2025-03-27 14:15:37,368 - INFO - Packets Received: 61, Lost Packets: 0, Loss Rate: 0.00%, Uptime: 13.13s
2025-03-27 14:15:37,368 - INFO - Expecting Sequence #61
2025-03-27 14:15:37,368 - INFO - Received Sequence #61 (884 bytes)
2025-03-27 14:15:37,370 - INFO - Packets Received: 62, Lost Packets: 0, Loss Rate: 0.00%, Uptime: 13.13s
2025-03-27 14:15:37,370 - INFO - Expecting Sequence #62
2025-03-27 14:15:37,386 - INFO - Sending Sequence #62 (884 bytes)
2025-03-27 14:15:37,387 - INFO - Received Sequence #62 (884 bytes)
2025-03-27 14:15:37,387 - INFO - Packets Received: 63, Lost Packets: 0, Loss Rate: 0.00%, Uptime: 13.14s
2025-03-27 14:15:37,387 - INFO - Expecting Sequence #63
2025-03-27 14:15:37,387 - INFO - Received Sequence #63 (884 bytes)
2025-03-27 14:15:37,387 - INFO - Packets Received: 64, Lost Packets: 0, Loss Rate: 0.00%, Uptime: 13.14s
2025-03-27 14:15:37,387 - INFO - Expecting Sequence #64
2025-03-27 14:15:37,406 - INFO - Sending Sequence #64 (884 bytes)
2025-03-27 14:15:37,407 - INFO - Sending Sequence #65 (884 bytes)
2025-03-27 14:15:37,407 - INFO - Received Sequence #64 (884 bytes)
2025-03-27 14:15:37,407 - INFO - Packets Received: 65, Lost Packets: 0, Loss Rate: 0.00%, Uptime: 13.16s
2025-03-27 14:15:37,407 - INFO - Expecting Sequence #65
2025-03-27 14:15:37,409 - INFO - Received Sequence #65 (884 bytes)
2025-03-27 14:15:37,409 - INFO - Packets Received: 66, Lost Packets: 0, Loss Rate: 0.00%, Uptime: 13.17s
2025-03-27 14:15:37,410 - INFO - Expecting Sequence #66
2025-03-27 14:15:37,426 - INFO - Sending Sequence #66 (884 bytes)
2025-03-27 14:15:37,427 - INFO - Sending Sequence #67 (884 bytes)
2025-03-27 14:15:37,427 - INFO - Received Sequence #66 (884 bytes)
2025-03-27 14:15:37,428 - INFO - Packets Received: 67, Lost Packets: 0, Loss Rate: 0.00%, Uptime: 13.19s
2025-03-27 14:15:37,428 - INFO - Expecting Sequence #67
2025-03-27 14:15:37,428 - INFO - Received Sequence #67 (884 bytes)
2025-03-27 14:15:37,428 - INFO - Packets Received: 68, Lost Packets: 0, Loss Rate: 0.00%, Uptime: 13.19s
2025-03-27 14:15:37,428 - INFO - Expecting Sequence #68
2025-03-27 14:15:37,446 - INFO - Sending Sequence #68 (884 bytes)
2025-03-27 14:15:37,449 - INFO - Received Sequence #68 (884 bytes)
2025-03-27 14:15:37,449 - INFO - Packets Received: 69, Lost Packets: 0, Loss Rate: 0.00%, Uptime: 13.21s
2025-03-27 14:15:37,449 - INFO - Expecting Sequence #69
2025-03-27 14:15:37,449 - INFO - Received Sequence #69 (884 bytes)
2025-03-27 14:15:37,449 - INFO - Packets Received: 70, Lost Packets: 0, Loss Rate: 0.00%, Uptime: 13.21s
2025-03-27 14:15:37,449 - INFO - Expecting Sequence #70
2025-03-27 14:15:37,466 - INFO - Sending Sequence #70 (884 bytes)
2025-03-27 14:15:37,468 - INFO - Received Sequence #70 (884 bytes)
2025-03-27 14:15:37,469 - INFO - Packets Received: 71, Lost Packets: 0, Loss Rate: 0.00%, Uptime: 13.23s
2025-03-27 14:15:37,469 - INFO - Expecting Sequence #71
2025-03-27 14:15:37,470 - INFO - Received Sequence #71 (884 bytes)
2025-03-27 14:15:37,470 - INFO - Packets Received: 72, Lost Packets: 0, Loss Rate: 0.00%, Uptime: 13.23s
2025-03-27 14:15:37,470 - INFO - Expecting Sequence #72
2025-03-27 14:15:37,486 - INFO - Sending Sequence #72 (884 bytes)
2025-03-27 14:15:37,488 - INFO - Received Sequence #72 (884 bytes)
2025-03-27 14:15:37,488 - INFO - Packets Received: 73, Lost Packets: 0, Loss Rate: 0.00%, Uptime: 13.25s
2025-03-27 14:15:37,488 - INFO - Expecting Sequence #73
2025-03-27 14:15:37,488 - INFO - Received Sequence #73 (884 bytes)
2025-03-27 14:15:37,488 - INFO - Packets Received: 74, Lost Packets: 0, Loss Rate: 0.00%, Uptime: 13.25s
2025-03-27 14:15:37,488 - INFO - Expecting Sequence #74
2025-03-27 14:15:37,506 - INFO - Sending Sequence #74 (884 bytes)
2025-03-27 14:15:37,508 - INFO - Received Sequence #74 (884 bytes)
2025-03-27 14:15:37,508 - INFO - Packets Received: 75, Lost Packets: 0, Loss Rate: 0.00%, Uptime: 13.27s
2025-03-27 14:15:37,508 - INFO - Expecting Sequence #75
2025-03-27 14:15:37,510 - INFO - Received Sequence #75 (884 bytes)
2025-03-27 14:15:37,510 - INFO - Packets Received: 76, Lost Packets: 0, Loss Rate: 0.00%, Uptime: 13.27s
2025-03-27 14:15:37,510 - INFO - Expecting Sequence #76
2025-03-27 14:15:37,526 - INFO - Sending Sequence #76 (884 bytes)
2025-03-27 14:15:37,528 - INFO - Received Sequence #76 (884 bytes)
2025-03-27 14:15:37,528 - INFO - Packets Received: 77, Lost Packets: 0, Loss Rate: 0.00%, Uptime: 13.29s
2025-03-27 14:15:37,528 - INFO - Expecting Sequence #77
2025-03-27 14:15:37,530 - INFO - Received Sequence #77 (884 bytes)
2025-03-27 14:15:37,532 - INFO - Packets Received: 78, Lost Packets: 0, Loss Rate: 0.00%, Uptime: 13.29s
2025-03-27 14:15:37,532 - INFO - Expecting Sequence #78
2025-03-27 14:15:37,546 - INFO - Sending Sequence #78 (884 bytes)
2025-03-27 14:15:37,551 - INFO - Received Sequence #78 (884 bytes)
2025-03-27 14:15:37,551 - INFO - Sending Sequence #79 (884 bytes)
2025-03-27 14:15:37,551 - INFO - Packets Received: 79, Lost Packets: 0, Loss Rate: 0.00%, Uptime: 13.31s
2025-03-27 14:15:37,551 - INFO - Expecting Sequence #79
2025-03-27 14:15:37,553 - INFO - Received Sequence #79 (884 bytes)
2025-03-27 14:15:37,553 - INFO - Packets Received: 80, Lost Packets: 0, Loss Rate: 0.00%, Uptime: 13.31s
2025-03-27 14:15:37,553 - INFO - Expecting Sequence #80
2025-03-27 14:15:37,566 - INFO - Sending Sequence #80 (884 bytes)
2025-03-27 14:15:37,569 - INFO - Received Sequence #80 (884 bytes)
2025-03-27 14:15:37,569 - INFO - Packets Received: 81, Lost Packets: 0, Loss Rate: 0.00%, Uptime: 13.33s
2025-03-27 14:15:37,569 - INFO - Expecting Sequence #81
2025-03-27 14:15:37,570 - INFO - Received Sequence #81 (884 bytes)
2025-03-27 14:15:37,570 - INFO - Packets Received: 82, Lost Packets: 0, Loss Rate: 0.00%, Uptime: 13.33s
2025-03-27 14:15:37,570 - INFO - Expecting Sequence #82
2025-03-27 14:15:37,586 - INFO - Sending Sequence #82 (884 bytes)
2025-03-27 14:15:37,588 - INFO - Received Sequence #82 (884 bytes)
2025-03-27 14:15:37,588 - INFO - Packets Received: 83, Lost Packets: 0, Loss Rate: 0.00%, Uptime: 13.35s
2025-03-27 14:15:37,588 - INFO - Expecting Sequence #83
2025-03-27 14:15:37,591 - INFO - Received Sequence #83 (884 bytes)
2025-03-27 14:15:37,591 - INFO - Packets Received: 84, Lost Packets: 0, Loss Rate: 0.00%, Uptime: 13.35s
2025-03-27 14:15:37,591 - INFO - Expecting Sequence #84
2025-03-27 14:15:37,606 - INFO - Sending Sequence #84 (884 bytes)
2025-03-27 14:15:37,606 - INFO - Sending Sequence #85 (884 bytes)

2025-03-27 14:15:37,606 - INFO - Packets Received: 85, Lost Packets: 0, Loss Rate: 0.00%, Uptime: 13.36s
2025-03-27 14:15:37,606 - INFO - Expecting Sequence #85
2025-03-27 14:15:37,610 - INFO - Received Sequence #85 (884 bytes)
2025-03-27 14:15:37,611 - INFO - Packets Received: 86, Lost Packets: 0, Loss Rate: 0.00%, Uptime: 13.37s
2025-03-27 14:15:37,611 - INFO - Expecting Sequence #86
2025-03-27 14:15:37,626 - INFO - Sending Sequence #86 (884 bytes)
2025-03-27 14:15:37,628 - INFO - Received Sequence #86 (884 bytes)
2025-03-27 14:15:37,628 - INFO - Packets Received: 87, Lost Packets: 0, Loss Rate: 0.00%, Uptime: 13.39s
2025-03-27 14:15:37,628 - INFO - Expecting Sequence #87
2025-03-27 14:15:37,634 - INFO - Received Sequence #87 (884 bytes)
2025-03-27 14:15:37,635 - INFO - Packets Received: 88, Lost Packets: 0, Loss Rate: 0.00%, Uptime: 13.39s
2025-03-27 14:15:37,635 - INFO - Expecting Sequence #88
2025-03-27 14:15:37,646 - INFO - Sending Sequence #88 (884 bytes)
2025-03-27 14:15:37,648 - INFO - Received Sequence #88 (884 bytes)
2025-03-27 14:15:37,651 - INFO - Packets Received: 89, Lost Packets: 0, Loss Rate: 0.00%, Uptime: 13.41s
2025-03-27 14:15:37,651 - INFO - Expecting Sequence #89
2025-03-27 14:15:37,651 - INFO - Received Sequence #89 (884 bytes)
2025-03-27 14:15:37,651 - INFO - Packets Received: 90, Lost Packets: 0, Loss Rate: 0.00%, Uptime: 13.41s
2025-03-27 14:15:37,653 - INFO - Expecting Sequence #90
2025-03-27 14:15:37,666 - INFO - Sending Sequence #90 (884 bytes)
2025-03-27 14:15:37,668 - INFO - Received Sequence #90 (884 bytes)
2025-03-27 14:15:37,668 - INFO - Packets Received: 91, Lost Packets: 0, Loss Rate: 0.00%, Uptime: 13.43s
2025-03-27 14:15:37,668 - INFO - Expecting Sequence #91
2025-03-27 14:15:37,668 - INFO - Received Sequence #91 (884 bytes)
2025-03-27 14:15:37,668 - INFO - Packets Received: 92, Lost Packets: 0, Loss Rate: 0.00%, Uptime: 13.43s
2025-03-27 14:15:37,668 - INFO - Expecting Sequence #92
2025-03-27 14:15:37,686 - INFO - Sending Sequence #92 (884 bytes)
2025-03-27 14:15:37,687 - INFO - Received Sequence #92 (884 bytes)
2025-03-27 14:15:37,687 - INFO - Packets Received: 93, Lost Packets: 0, Loss Rate: 0.00%, Uptime: 13.44s
2025-03-27 14:15:37,687 - INFO - Expecting Sequence #93
2025-03-27 14:15:37,689 - INFO - Received Sequence #93 (884 bytes)
2025-03-27 14:15:37,689 - INFO - Packets Received: 94, Lost Packets: 0, Loss Rate: 0.00%, Uptime: 13.45s
2025-03-27 14:15:37,689 - INFO - Expecting Sequence #94
2025-03-27 14:15:37,706 - INFO - Sending Sequence #94 (884 bytes)
2025-03-27 14:15:37,708 - INFO - Sending Sequence #95 (884 bytes)
2025-03-27 14:15:37,708 - INFO - Received Sequence #94 (884 bytes)
2025-03-27 14:15:37,708 - INFO - Packets Received: 95, Lost Packets: 0, Loss Rate: 0.00%, Uptime: 13.47s
2025-03-27 14:15:37,708 - INFO - Expecting Sequence #95
2025-03-27 14:15:37,709 - INFO - Received Sequence #95 (884 bytes)
2025-03-27 14:15:37,709 - INFO - Packets Received: 96, Lost Packets: 0, Loss Rate: 0.00%, Uptime: 13.47s
2025-03-27 14:15:37,709 - INFO - Expecting Sequence #96
2025-03-27 14:15:37,726 - INFO - Sending Sequence #96 (884 bytes)
2025-03-27 14:15:37,726 - INFO - Sending Sequence #97 (884 bytes)
2025-03-27 14:15:37,726 - INFO - Received Sequence #96 (884 bytes)
2025-03-27 14:15:37,726 - INFO - Packets Received: 97, Lost Packets: 0, Loss Rate: 0.00%, Uptime: 13.48s
2025-03-27 14:15:37,726 - INFO - Expecting Sequence #97
2025-03-27 14:15:37,726 - INFO - Received Sequence #97 (884 bytes)
2025-03-27 14:15:37,726 - INFO - Packets Received: 98, Lost Packets: 0, Loss Rate: 0.00%, Uptime: 13.48s
2025-03-27 14:15:37,726 - INFO - Expecting Sequence #98
2025-03-27 14:15:37,746 - INFO - Sending Sequence #98 (884 bytes)
2025-03-27 14:15:37,748 - INFO - Received Sequence #98 (884 bytes)
2025-03-27 14:15:37,748 - INFO - Sending Sequence #99 (884 bytes)
2025-03-27 14:15:37,749 - INFO - Packets Received: 99, Lost Packets: 0, Loss Rate: 0.00%, Uptime: 13.51s
2025-03-27 14:15:37,749 - INFO - Expecting Sequence #99
2025-03-27 14:15:37,751 - INFO - Received Sequence #99 (884 bytes)
2025-03-27 14:15:37,751 - INFO - Packets Received: 100, Lost Packets: 0, Loss Rate: 0.00%, Uptime: 13.51s
2025-03-27 14:15:37,751 - INFO - Expecting Sequence #100
2025-03-27 14:15:37,767 - INFO - Sending Sequence #100 (884 bytes)
2025-03-27 14:15:37,767 - INFO - Received Sequence #100 (884 bytes)
2025-03-27 14:15:37,767 - INFO - Sending Sequence #101 (884 bytes)
2025-03-27 14:15:37,767 - INFO - Packets Received: 101, Lost Packets: 0, Loss Rate: 0.00%, Uptime: 13.52s
2025-03-27 14:15:37,771 - INFO - Expecting Sequence #101
2025-03-27 14:15:37,771 - INFO - Received Sequence #101 (884 bytes)
2025-03-27 14:15:37,771 - INFO - Packets Received: 102, Lost Packets: 0, Loss Rate: 0.00%, Uptime: 13.53s
2025-03-27 14:15:37,771 - INFO - Expecting Sequence #102
2025-03-27 14:15:37,786 - INFO - Sending Sequence #102 (884 bytes)
2025-03-27 14:15:37,786 - INFO - Sending Sequence #103 (884 bytes)

2025-03-27 14:15:37,786 - INFO - Packets Received: 103, Lost Packets: 0, Loss Rate: 0.00%, Uptime: 13.54s
2025-03-27 14:15:37,786 - INFO - Expecting Sequence #103
2025-03-27 14:15:37,789 - INFO - Received Sequence #103 (884 bytes)
2025-03-27 14:15:37,789 - INFO - Packets Received: 104, Lost Packets: 0, Loss Rate: 0.00%, Uptime: 13.55s
2025-03-27 14:15:37,789 - INFO - Expecting Sequence #104
2025-03-27 14:15:37,806 - INFO - Sending Sequence #104 (884 bytes)
2025-03-27 14:15:37,807 - INFO - Sending Sequence #105 (884 bytes)
2025-03-27 14:15:37,807 - INFO - Received Sequence #104 (884 bytes)
2025-03-27 14:15:37,807 - INFO - Packets Received: 105, Lost Packets: 0, Loss Rate: 0.00%, Uptime: 13.56s
2025-03-27 14:15:37,807 - INFO - Expecting Sequence #105
2025-03-27 14:15:37,807 - INFO - Received Sequence #105 (884 bytes)
2025-03-27 14:15:37,807 - INFO - Packets Received: 106, Lost Packets: 0, Loss Rate: 0.00%, Uptime: 13.56s
2025-03-27 14:15:37,807 - INFO - Expecting Sequence #106
2025-03-27 14:15:37,826 - INFO - Sending Sequence #106 (884 bytes)
2025-03-27 14:15:37,826 - INFO - Received Sequence #106 (884 bytes)
2025-03-27 14:15:37,828 - INFO - Packets Received: 107, Lost Packets: 0, Loss Rate: 0.00%, Uptime: 13.58s
2025-03-27 14:15:37,828 - INFO - Expecting Sequence #107
2025-03-27 14:15:37,828 - INFO - Received Sequence #107 (884 bytes)
2025-03-27 14:15:37,828 - INFO - Packets Received: 108, Lost Packets: 0, Loss Rate: 0.00%, Uptime: 13.59s
2025-03-27 14:15:37,828 - INFO - Expecting Sequence #108
2025-03-27 14:15:37,846 - INFO - Sending Sequence #108 (884 bytes)
2025-03-27 14:15:37,848 - INFO - Received Sequence #108 (884 bytes)
2025-03-27 14:15:37,848 - INFO - Sending Sequence #109 (884 bytes)
2025-03-27 14:15:37,849 - INFO - Packets Received: 109, Lost Packets: 0, Loss Rate: 0.00%, Uptime: 13.61s
2025-03-27 14:15:37,849 - INFO - Expecting Sequence #109
2025-03-27 14:15:37,852 - INFO - Received Sequence #109 (884 bytes)
2025-03-27 14:15:37,852 - INFO - Packets Received: 110, Lost Packets: 0, Loss Rate: 0.00%, Uptime: 13.61s
2025-03-27 14:15:37,852 - INFO - Expecting Sequence #110
2025-03-27 14:15:37,866 - INFO - Sending Sequence #110 (884 bytes)
2025-03-27 14:15:37,867 - INFO - Received Sequence #110 (884 bytes)
2025-03-27 14:15:37,867 - INFO - Sending Sequence #111 (884 bytes)
2025-03-27 14:15:37,869 - INFO - Packets Received: 111, Lost Packets: 0, Loss Rate: 0.00%, Uptime: 13.63s
2025-03-27 14:15:37,869 - INFO - Expecting Sequence #111
2025-03-27 14:15:37,870 - INFO - Received Sequence #111 (884 bytes)
2025-03-27 14:15:37,870 - INFO - Packets Received: 112, Lost Packets: 0, Loss Rate: 0.00%, Uptime: 13.63s
2025-03-27 14:15:37,870 - INFO - Expecting Sequence #112
2025-03-27 14:15:37,886 - INFO - Sending Sequence #112 (884 bytes)
2025-03-27 14:15:37,888 - INFO - Sending Sequence #113 (884 bytes)

2025-03-27 14:15:37,888 - INFO - Packets Received: 113, Lost Packets: 0, Loss Rate: 0.00%, Uptime: 13.65s
2025-03-27 14:15:37,888 - INFO - Expecting Sequence #113
2025-03-27 14:15:37,888 - INFO - Received Sequence #113 (884 bytes)
2025-03-27 14:15:37,890 - INFO - Packets Received: 114, Lost Packets: 0, Loss Rate: 0.00%, Uptime: 13.65s
2025-03-27 14:15:37,890 - INFO - Expecting Sequence #114
2025-03-27 14:15:37,900 - INFO - Sending Sequence #114 (884 bytes)
2025-03-27 14:15:37,907 - INFO - Received Sequence #114 (884 bytes)
2025-03-27 14:15:37,907 - INFO - Packets Received: 115, Lost Packets: 0, Loss Rate: 0.00%, Uptime: 13.66s
2025-03-27 14:15:37,907 - INFO - Expecting Sequence #115
2025-03-27 14:15:37,907 - INFO - Received Sequence #115 (884 bytes)
2025-03-27 14:15:37,907 - INFO - Packets Received: 116, Lost Packets: 0, Loss Rate: 0.00%, Uptime: 13.66s
2025-03-27 14:15:37,907 - INFO - Expecting Sequence #116
2025-03-27 14:15:37,926 - INFO - Sending Sequence #116 (884 bytes)
2025-03-27 14:15:37,928 - INFO - Sending Sequence #117 (884 bytes)
2025-03-27 14:15:37,928 - INFO - Received Sequence #116 (884 bytes)
2025-03-27 14:15:37,928 - INFO - Packets Received: 117, Lost Packets: 0, Loss Rate: 0.00%, Uptime: 13.69s
2025-03-27 14:15:37,928 - INFO - Expecting Sequence #117
2025-03-27 14:15:37,928 - INFO - Received Sequence #117 (884 bytes)
2025-03-27 14:15:37,929 - INFO - Packets Received: 118, Lost Packets: 0, Loss Rate: 0.00%, Uptime: 13.69s
2025-03-27 14:15:37,929 - INFO - Expecting Sequence #118
2025-03-27 14:15:37,946 - INFO - Sending Sequence #118 (884 bytes)
2025-03-27 14:15:37,949 - INFO - Sending Sequence #119 (884 bytes)

2025-03-27 14:15:37,949 - INFO - Packets Received: 119, Lost Packets: 0, Loss Rate: 0.00%, Uptime: 13.71s
2025-03-27 14:15:37,949 - INFO - Expecting Sequence #119
2025-03-27 14:15:37,951 - INFO - Received Sequence #119 (884 bytes)
2025-03-27 14:15:37,951 - INFO - Packets Received: 120, Lost Packets: 0, Loss Rate: 0.00%, Uptime: 13.71s
2025-03-27 14:15:37,951 - INFO - Expecting Sequence #120
2025-03-27 14:15:37,966 - INFO - Sending Sequence #120 (884 bytes)
2025-03-27 14:15:37,967 - INFO - Received Sequence #120 (884 bytes)
2025-03-27 14:15:37,969 - INFO - Packets Received: 121, Lost Packets: 0, Loss Rate: 0.00%, Uptime: 13.73s
2025-03-27 14:15:37,969 - INFO - Expecting Sequence #121
2025-03-27 14:15:37,969 - INFO - Received Sequence #121 (884 bytes)
2025-03-27 14:15:37,969 - INFO - Packets Received: 122, Lost Packets: 0, Loss Rate: 0.00%, Uptime: 13.73s
2025-03-27 14:15:37,969 - INFO - Expecting Sequence #122
2025-03-27 14:15:37,986 - INFO - Sending Sequence #122 (884 bytes)
2025-03-27 14:15:37,986 - INFO - Sending Sequence #123 (884 bytes)
2025-03-27 14:15:37,986 - INFO - Received Sequence #122 (884 bytes)
2025-03-27 14:15:37,986 - INFO - Packets Received: 123, Lost Packets: 0, Loss Rate: 0.00%, Uptime: 13.74s
2025-03-27 14:15:37,986 - INFO - Expecting Sequence #123
2025-03-27 14:15:37,986 - INFO - Received Sequence #123 (884 bytes)
2025-03-27 14:15:37,986 - INFO - Packets Received: 124, Lost Packets: 0, Loss Rate: 0.00%, Uptime: 13.74s
2025-03-27 14:15:37,986 - INFO - Expecting Sequence #124
2025-03-27 14:15:38,006 - INFO - Sending Sequence #124 (884 bytes)
2025-03-27 14:15:38,007 - INFO - Received Sequence #124 (884 bytes)
2025-03-27 14:15:38,007 - INFO - Sending Sequence #125 (884 bytes)
2025-03-27 14:15:38,007 - INFO - Packets Received: 125, Lost Packets: 0, Loss Rate: 0.00%, Uptime: 13.76s
2025-03-27 14:15:38,007 - INFO - Expecting Sequence #125
2025-03-27 14:15:38,007 - INFO - Received Sequence #125 (884 bytes)
2025-03-27 14:15:38,007 - INFO - Packets Received: 126, Lost Packets: 0, Loss Rate: 0.00%, Uptime: 13.76s
2025-03-27 14:15:38,007 - INFO - Expecting Sequence #126
2025-03-27 14:15:38,026 - INFO - Sending Sequence #126 (884 bytes)
2025-03-27 14:15:38,026 - INFO - Received Sequence #126 (884 bytes)
2025-03-27 14:15:38,029 - INFO - Packets Received: 127, Lost Packets: 0, Loss Rate: 0.00%, Uptime: 13.79s
2025-03-27 14:15:38,029 - INFO - Expecting Sequence #127
2025-03-27 14:15:38,031 - INFO - Received Sequence #127 (884 bytes)
2025-03-27 14:15:38,033 - INFO - Packets Received: 128, Lost Packets: 0, Loss Rate: 0.00%, Uptime: 13.79s
2025-03-27 14:15:38,033 - INFO - Expecting Sequence #128
2025-03-27 14:15:38,047 - INFO - Sending Sequence #128 (884 bytes)
2025-03-27 14:15:38,049 - INFO - Sending Sequence #129 (884 bytes)

2025-03-27 14:15:38,051 - INFO - Packets Received: 129, Lost Packets: 0, Loss Rate: 0.00%, Uptime: 13.81s
2025-03-27 14:15:38,051 - INFO - Expecting Sequence #129
2025-03-27 14:15:38,051 - INFO - Received Sequence #129 (884 bytes)
2025-03-27 14:15:38,051 - INFO - Packets Received: 130, Lost Packets: 0, Loss Rate: 0.00%, Uptime: 13.81s
2025-03-27 14:15:38,051 - INFO - Expecting Sequence #130
2025-03-27 14:15:38,067 - INFO - Sending Sequence #130 (884 bytes)
2025-03-27 14:15:38,069 - INFO - Sending Sequence #131 (884 bytes)
2025-03-27 14:15:38,069 - INFO - Received Sequence #130 (884 bytes)
2025-03-27 14:15:38,069 - INFO - Packets Received: 131, Lost Packets: 0, Loss Rate: 0.00%, Uptime: 13.83s
2025-03-27 14:15:38,069 - INFO - Expecting Sequence #131
2025-03-27 14:15:38,072 - INFO - Received Sequence #131 (884 bytes)
2025-03-27 14:15:38,073 - INFO - Packets Received: 132, Lost Packets: 0, Loss Rate: 0.00%, Uptime: 13.83s
2025-03-27 14:15:38,073 - INFO - Expecting Sequence #132
2025-03-27 14:15:38,087 - INFO - Sending Sequence #132 (884 bytes)
2025-03-27 14:15:38,089 - INFO - Sending Sequence #133 (884 bytes)
2025-03-27 14:15:38,089 - INFO - Received Sequence #132 (884 bytes)
2025-03-27 14:15:38,089 - INFO - Packets Received: 133, Lost Packets: 0, Loss Rate: 0.00%, Uptime: 13.85s
2025-03-27 14:15:38,089 - INFO - Expecting Sequence #133
2025-03-27 14:15:38,089 - INFO - Received Sequence #133 (884 bytes)
2025-03-27 14:15:38,089 - INFO - Packets Received: 134, Lost Packets: 0, Loss Rate: 0.00%, Uptime: 13.85s
2025-03-27 14:15:38,089 - INFO - Expecting Sequence #134
2025-03-27 14:15:38,106 - INFO - Sending Sequence #134 (884 bytes)
2025-03-27 14:15:38,108 - INFO - Sending Sequence #135 (884 bytes)
2025-03-27 14:15:38,108 - INFO - Received Sequence #134 (884 bytes)
2025-03-27 14:15:38,108 - INFO - Packets Received: 135, Lost Packets: 0, Loss Rate: 0.00%, Uptime: 13.87s
2025-03-27 14:15:38,110 - INFO - Expecting Sequence #135
2025-03-27 14:15:38,110 - INFO - Received Sequence #135 (884 bytes)
2025-03-27 14:15:38,110 - INFO - Packets Received: 136, Lost Packets: 0, Loss Rate: 0.00%, Uptime: 13.87s
2025-03-27 14:15:38,110 - INFO - Expecting Sequence #136
2025-03-27 14:15:38,126 - INFO - Sending Sequence #136 (884 bytes)
2025-03-27 14:15:38,128 - INFO - Sending Sequence #137 (884 bytes)
2025-03-27 14:15:38,128 - INFO - Received Sequence #136 (884 bytes)
2025-03-27 14:15:38,128 - INFO - Packets Received: 137, Lost Packets: 0, Loss Rate: 0.00%, Uptime: 13.89s
2025-03-27 14:15:38,130 - INFO - Expecting Sequence #137
2025-03-27 14:15:38,131 - INFO - Received Sequence #137 (884 bytes)
2025-03-27 14:15:38,131 - INFO - Packets Received: 138, Lost Packets: 0, Loss Rate: 0.00%, Uptime: 13.89s
2025-03-27 14:15:38,131 - INFO - Expecting Sequence #138
2025-03-27 14:15:38,146 - INFO - Sending Sequence #138 (884 bytes)
2025-03-27 14:15:38,148 - INFO - Received Sequence #138 (884 bytes)
2025-03-27 14:15:38,152 - INFO - Packets Received: 139, Lost Packets: 0, Loss Rate: 0.00%, Uptime: 13.91s
2025-03-27 14:15:38,152 - INFO - Expecting Sequence #139
2025-03-27 14:15:38,152 - INFO - Received Sequence #139 (884 bytes)
2025-03-27 14:15:38,155 - INFO - Packets Received: 140, Lost Packets: 0, Loss Rate: 0.00%, Uptime: 13.91s
2025-03-27 14:15:38,155 - INFO - Expecting Sequence #140
2025-03-27 14:15:38,167 - INFO - Sending Sequence #140 (884 bytes)
2025-03-27 14:15:38,167 - INFO - Sending Sequence #141 (884 bytes)
2025-03-27 14:15:38,167 - INFO - Received Sequence #140 (884 bytes)
2025-03-27 14:15:38,167 - INFO - Packets Received: 141, Lost Packets: 0, Loss Rate: 0.00%, Uptime: 13.92s
2025-03-27 14:15:38,171 - INFO - Expecting Sequence #141
2025-03-27 14:15:38,172 - INFO - Received Sequence #141 (884 bytes)
2025-03-27 14:15:38,172 - INFO - Packets Received: 142, Lost Packets: 0, Loss Rate: 0.00%, Uptime: 13.93s
2025-03-27 14:15:38,172 - INFO - Expecting Sequence #142
2025-03-27 14:15:38,186 - INFO - Sending Sequence #142 (884 bytes)
2025-03-27 14:15:38,188 - INFO - Received Sequence #142 (884 bytes)
2025-03-27 14:15:38,188 - INFO - Sending Sequence #143 (884 bytes)
2025-03-27 14:15:38,188 - INFO - Packets Received: 143, Lost Packets: 0, Loss Rate: 0.00%, Uptime: 13.95s
2025-03-27 14:15:38,188 - INFO - Expecting Sequence #143
2025-03-27 14:15:38,188 - INFO - Received Sequence #143 (884 bytes)
2025-03-27 14:15:38,188 - INFO - Packets Received: 144, Lost Packets: 0, Loss Rate: 0.00%, Uptime: 13.95s
2025-03-27 14:15:38,188 - INFO - Expecting Sequence #144
2025-03-27 14:15:38,207 - INFO - Sending Sequence #144 (884 bytes)
2025-03-27 14:15:38,209 - INFO - Received Sequence #144 (884 bytes)
2025-03-27 14:15:38,209 - INFO - Sending Sequence #145 (884 bytes)
2025-03-27 14:15:38,210 - INFO - Packets Received: 145, Lost Packets: 0, Loss Rate: 0.00%, Uptime: 13.97s
2025-03-27 14:15:38,210 - INFO - Expecting Sequence #145
2025-03-27 14:15:38,210 - INFO - Received Sequence #145 (884 bytes)
2025-03-27 14:15:38,210 - INFO - Packets Received: 146, Lost Packets: 0, Loss Rate: 0.00%, Uptime: 13.97s
2025-03-27 14:15:38,213 - INFO - Expecting Sequence #146
2025-03-27 14:15:38,226 - INFO - Sending Sequence #146 (884 bytes)
2025-03-27 14:15:38,229 - INFO - Received Sequence #146 (884 bytes)
2025-03-27 14:15:38,230 - INFO - Packets Received: 147, Lost Packets: 0, Loss Rate: 0.00%, Uptime: 13.99s
2025-03-27 14:15:38,230 - INFO - Expecting Sequence #147
2025-03-27 14:15:38,231 - INFO - Received Sequence #147 (884 bytes)
2025-03-27 14:15:38,232 - INFO - Packets Received: 148, Lost Packets: 0, Loss Rate: 0.00%, Uptime: 13.99s
2025-03-27 14:15:38,232 - INFO - Expecting Sequence #148
2025-03-27 14:15:38,247 - INFO - Sending Sequence #148 (884 bytes)
2025-03-27 14:15:38,249 - INFO - Sending Sequence #149 (884 bytes)

2025-03-27 14:15:38,249 - INFO - Packets Received: 149, Lost Packets: 0, Loss Rate: 0.00%, Uptime: 14.01s
2025-03-27 14:15:38,249 - INFO - Expecting Sequence #149
2025-03-27 14:15:38,249 - INFO - Received Sequence #149 (884 bytes)
2025-03-27 14:15:38,254 - INFO - Packets Received: 150, Lost Packets: 0, Loss Rate: 0.00%, Uptime: 14.01s
2025-03-27 14:15:38,254 - INFO - Expecting Sequence #150
2025-03-27 14:15:38,266 - INFO - Sending Sequence #150 (884 bytes)
2025-03-27 14:15:38,269 - INFO - Received Sequence #150 (884 bytes)
2025-03-27 14:15:38,269 - INFO - Packets Received: 151, Lost Packets: 0, Loss Rate: 0.00%, Uptime: 14.03s
2025-03-27 14:15:38,269 - INFO - Expecting Sequence #151
2025-03-27 14:15:38,271 - INFO - Received Sequence #151 (884 bytes)
2025-03-27 14:15:38,271 - INFO - Packets Received: 152, Lost Packets: 0, Loss Rate: 0.00%, Uptime: 14.03s
2025-03-27 14:15:38,271 - INFO - Expecting Sequence #152
2025-03-27 14:15:38,286 - INFO - Sending Sequence #152 (884 bytes)
2025-03-27 14:15:38,289 - INFO - Sending Sequence #153 (884 bytes)

2025-03-27 14:15:38,289 - INFO - Packets Received: 153, Lost Packets: 0, Loss Rate: 0.00%, Uptime: 14.05s
2025-03-27 14:15:38,289 - INFO - Expecting Sequence #153
2025-03-27 14:15:38,289 - INFO - Received Sequence #153 (884 bytes)
2025-03-27 14:15:38,289 - INFO - Packets Received: 154, Lost Packets: 0, Loss Rate: 0.00%, Uptime: 14.05s
2025-03-27 14:15:38,289 - INFO - Expecting Sequence #154
2025-03-27 14:15:38,306 - INFO - Sending Sequence #154 (884 bytes)
2025-03-27 14:15:38,306 - INFO - Sending Sequence #155 (884 bytes)
2025-03-27 14:15:38,306 - INFO - Received Sequence #154 (884 bytes)
2025-03-27 14:15:38,306 - INFO - Packets Received: 155, Lost Packets: 0, Loss Rate: 0.00%, Uptime: 14.06s
2025-03-27 14:15:38,306 - INFO - Expecting Sequence #155
2025-03-27 14:15:38,306 - INFO - Received Sequence #155 (884 bytes)
2025-03-27 14:15:38,306 - INFO - Packets Received: 156, Lost Packets: 0, Loss Rate: 0.00%, Uptime: 14.06s
2025-03-27 14:15:38,306 - INFO - Expecting Sequence #156
2025-03-27 14:15:38,326 - INFO - Sending Sequence #156 (884 bytes)
2025-03-27 14:15:38,326 - INFO - Sending Sequence #157 (884 bytes)
2025-03-27 14:15:38,326 - INFO - Received Sequence #156 (884 bytes)
2025-03-27 14:15:38,326 - INFO - Packets Received: 157, Lost Packets: 0, Loss Rate: 0.00%, Uptime: 14.08s
2025-03-27 14:15:38,326 - INFO - Expecting Sequence #157
2025-03-27 14:15:38,326 - INFO - Received Sequence #157 (884 bytes)
2025-03-27 14:15:38,329 - INFO - Packets Received: 158, Lost Packets: 0, Loss Rate: 0.00%, Uptime: 14.09s
2025-03-27 14:15:38,330 - INFO - Expecting Sequence #158
2025-03-27 14:15:38,347 - INFO - Sending Sequence #158 (884 bytes)
2025-03-27 14:15:38,349 - INFO - Received Sequence #158 (884 bytes)
2025-03-27 14:15:38,349 - INFO - Packets Received: 159, Lost Packets: 0, Loss Rate: 0.00%, Uptime: 14.11s
2025-03-27 14:15:38,349 - INFO - Expecting Sequence #159
2025-03-27 14:15:38,349 - INFO - Received Sequence #159 (884 bytes)
2025-03-27 14:15:38,352 - INFO - Packets Received: 160, Lost Packets: 0, Loss Rate: 0.00%, Uptime: 14.11s
2025-03-27 14:15:38,352 - INFO - Expecting Sequence #160
2025-03-27 14:15:38,367 - INFO - Sending Sequence #160 (884 bytes)
2025-03-27 14:15:38,369 - INFO - Sending Sequence #161 (884 bytes)
2025-03-27 14:15:38,369 - INFO - Received Sequence #160 (884 bytes)
2025-03-27 14:15:38,369 - INFO - Packets Received: 161, Lost Packets: 0, Loss Rate: 0.00%, Uptime: 14.13s
2025-03-27 14:15:38,369 - INFO - Expecting Sequence #161
2025-03-27 14:15:38,371 - INFO - Received Sequence #161 (884 bytes)
2025-03-27 14:15:38,372 - INFO - Packets Received: 162, Lost Packets: 0, Loss Rate: 0.00%, Uptime: 14.13s
2025-03-27 14:15:38,372 - INFO - Expecting Sequence #162
2025-03-27 14:15:38,386 - INFO - Sending Sequence #162 (884 bytes)
2025-03-27 14:15:38,389 - INFO - Sending Sequence #163 (884 bytes)
2025-03-27 14:15:38,389 - INFO - Received Sequence #162 (884 bytes)
2025-03-27 14:15:38,389 - INFO - Packets Received: 163, Lost Packets: 0, Loss Rate: 0.00%, Uptime: 14.15s
2025-03-27 14:15:38,389 - INFO - Expecting Sequence #163
2025-03-27 14:15:38,390 - INFO - Received Sequence #163 (884 bytes)
2025-03-27 14:15:38,390 - INFO - Packets Received: 164, Lost Packets: 0, Loss Rate: 0.00%, Uptime: 14.15s
2025-03-27 14:15:38,390 - INFO - Expecting Sequence #164
2025-03-27 14:15:38,406 - INFO - Sending Sequence #164 (884 bytes)
2025-03-27 14:15:38,408 - INFO - Sending Sequence #165 (884 bytes)

2025-03-27 14:15:38,410 - INFO - Packets Received: 165, Lost Packets: 0, Loss Rate: 0.00%, Uptime: 14.17s
2025-03-27 14:15:38,411 - INFO - Expecting Sequence #165
2025-03-27 14:15:38,411 - INFO - Received Sequence #165 (884 bytes)
2025-03-27 14:15:38,412 - INFO - Packets Received: 166, Lost Packets: 0, Loss Rate: 0.00%, Uptime: 14.17s
2025-03-27 14:15:38,413 - INFO - Expecting Sequence #166
2025-03-27 14:15:38,426 - INFO - Sending Sequence #166 (884 bytes)
2025-03-27 14:15:38,428 - INFO - Received Sequence #166 (884 bytes)
2025-03-27 14:15:38,428 - INFO - Sending Sequence #167 (884 bytes)
2025-03-27 14:15:38,428 - INFO - Packets Received: 167, Lost Packets: 0, Loss Rate: 0.00%, Uptime: 14.19s
2025-03-27 14:15:38,430 - INFO - Expecting Sequence #167
2025-03-27 14:15:38,431 - INFO - Received Sequence #167 (884 bytes)
2025-03-27 14:15:38,431 - INFO - Packets Received: 168, Lost Packets: 0, Loss Rate: 0.00%, Uptime: 14.19s
2025-03-27 14:15:38,431 - INFO - Expecting Sequence #168
2025-03-27 14:15:38,447 - INFO - Sending Sequence #168 (884 bytes)
2025-03-27 14:15:38,450 - INFO - Sending Sequence #169 (884 bytes)
2025-03-27 14:15:38,450 - INFO - Received Sequence #168 (884 bytes)
2025-03-27 14:15:38,451 - INFO - Packets Received: 169, Lost Packets: 0, Loss Rate: 0.00%, Uptime: 14.21s
2025-03-27 14:15:38,451 - INFO - Expecting Sequence #169
2025-03-27 14:15:38,452 - INFO - Received Sequence #169 (884 bytes)
2025-03-27 14:15:38,453 - INFO - Packets Received: 170, Lost Packets: 0, Loss Rate: 0.00%, Uptime: 14.21s
2025-03-27 14:15:38,453 - INFO - Expecting Sequence #170
2025-03-27 14:15:38,467 - INFO - Sending Sequence #170 (884 bytes)
2025-03-27 14:15:38,469 - INFO - Sending Sequence #171 (884 bytes)

2025-03-27 14:15:38,469 - INFO - Packets Received: 171, Lost Packets: 0, Loss Rate: 0.00%, Uptime: 14.23s
2025-03-27 14:15:38,469 - INFO - Expecting Sequence #171
2025-03-27 14:15:38,469 - INFO - Received Sequence #171 (884 bytes)
2025-03-27 14:15:38,469 - INFO - Packets Received: 172, Lost Packets: 0, Loss Rate: 0.00%, Uptime: 14.23s
2025-03-27 14:15:38,469 - INFO - Expecting Sequence #172
2025-03-27 14:15:38,486 - INFO - Sending Sequence #172 (884 bytes)
2025-03-27 14:15:38,489 - INFO - Sending Sequence #173 (884 bytes)

2025-03-27 14:15:38,490 - INFO - Packets Received: 173, Lost Packets: 0, Loss Rate: 0.00%, Uptime: 14.25s
2025-03-27 14:15:38,490 - INFO - Expecting Sequence #173
2025-03-27 14:15:38,491 - INFO - Received Sequence #173 (884 bytes)
2025-03-27 14:15:38,491 - INFO - Packets Received: 174, Lost Packets: 0, Loss Rate: 0.00%, Uptime: 14.25s
2025-03-27 14:15:38,491 - INFO - Expecting Sequence #174
2025-03-27 14:15:38,506 - INFO - Sending Sequence #174 (884 bytes)
2025-03-27 14:15:38,509 - INFO - Sending Sequence #175 (884 bytes)
2025-03-27 14:15:38,509 - INFO - Received Sequence #174 (884 bytes)
2025-03-27 14:15:38,509 - INFO - Packets Received: 175, Lost Packets: 0, Loss Rate: 0.00%, Uptime: 14.27s
2025-03-27 14:15:38,509 - INFO - Expecting Sequence #175
2025-03-27 14:15:38,510 - INFO - Received Sequence #175 (884 bytes)
2025-03-27 14:15:38,511 - INFO - Packets Received: 176, Lost Packets: 0, Loss Rate: 0.00%, Uptime: 14.27s
2025-03-27 14:15:38,511 - INFO - Expecting Sequence #176
2025-03-27 14:15:38,526 - INFO - Sending Sequence #176 (884 bytes)
2025-03-27 14:15:38,526 - INFO - Sending Sequence #177 (884 bytes)

2025-03-27 14:15:38,526 - INFO - Packets Received: 177, Lost Packets: 0, Loss Rate: 0.00%, Uptime: 14.28s
2025-03-27 14:15:38,526 - INFO - Expecting Sequence #177
2025-03-27 14:15:38,531 - INFO - Received Sequence #177 (884 bytes)
2025-03-27 14:15:38,532 - INFO - Packets Received: 178, Lost Packets: 0, Loss Rate: 0.00%, Uptime: 14.29s
2025-03-27 14:15:38,532 - INFO - Expecting Sequence #178
2025-03-27 14:15:38,548 - INFO - Sending Sequence #178 (884 bytes)
2025-03-27 14:15:38,548 - INFO - Sending Sequence #179 (884 bytes)

2025-03-27 14:15:38,551 - INFO - Packets Received: 179, Lost Packets: 0, Loss Rate: 0.00%, Uptime: 14.31s
2025-03-27 14:15:38,551 - INFO - Expecting Sequence #179
2025-03-27 14:15:38,551 - INFO - Received Sequence #179 (884 bytes)
2025-03-27 14:15:38,551 - INFO - Packets Received: 180, Lost Packets: 0, Loss Rate: 0.00%, Uptime: 14.31s
2025-03-27 14:15:38,551 - INFO - Expecting Sequence #180
2025-03-27 14:15:38,567 - INFO - Sending Sequence #180 (884 bytes)
2025-03-27 14:15:38,567 - INFO - Received Sequence #180 (884 bytes)
2025-03-27 14:15:38,567 - INFO - Sending Sequence #181 (884 bytes)
2025-03-27 14:15:38,567 - INFO - Packets Received: 181, Lost Packets: 0, Loss Rate: 0.00%, Uptime: 14.32s
2025-03-27 14:15:38,567 - INFO - Expecting Sequence #181
2025-03-27 14:15:38,567 - INFO - Received Sequence #181 (884 bytes)
2025-03-27 14:15:38,567 - INFO - Packets Received: 182, Lost Packets: 0, Loss Rate: 0.00%, Uptime: 14.32s
2025-03-27 14:15:38,567 - INFO - Expecting Sequence #182
2025-03-27 14:15:38,586 - INFO - Sending Sequence #182 (884 bytes)
2025-03-27 14:15:38,586 - INFO - Sending Sequence #183 (884 bytes)
2025-03-27 14:15:38,586 - INFO - Received Sequence #182 (884 bytes)
2025-03-27 14:15:38,586 - INFO - Packets Received: 183, Lost Packets: 0, Loss Rate: 0.00%, Uptime: 14.34s
2025-03-27 14:15:38,586 - INFO - Expecting Sequence #183
2025-03-27 14:15:38,586 - INFO - Received Sequence #183 (884 bytes)
2025-03-27 14:15:38,586 - INFO - Packets Received: 184, Lost Packets: 0, Loss Rate: 0.00%, Uptime: 14.34s
2025-03-27 14:15:38,586 - INFO - Expecting Sequence #184
2025-03-27 14:15:38,606 - INFO - Sending Sequence #184 (884 bytes)
2025-03-27 14:15:38,606 - INFO - Sending Sequence #185 (884 bytes)
2025-03-27 14:15:38,606 - INFO - Received Sequence #184 (884 bytes)
2025-03-27 14:15:38,609 - INFO - Packets Received: 185, Lost Packets: 0, Loss Rate: 0.00%, Uptime: 14.37s
2025-03-27 14:15:38,609 - INFO - Expecting Sequence #185
2025-03-27 14:15:38,609 - INFO - Received Sequence #185 (884 bytes)
2025-03-27 14:15:38,609 - INFO - Packets Received: 186, Lost Packets: 0, Loss Rate: 0.00%, Uptime: 14.37s
2025-03-27 14:15:38,609 - INFO - Expecting Sequence #186
2025-03-27 14:15:38,626 - INFO - Sending Sequence #186 (884 bytes)
2025-03-27 14:15:38,626 - INFO - Received Sequence #186 (884 bytes)
2025-03-27 14:15:38,626 - INFO - Packets Received: 187, Lost Packets: 0, Loss Rate: 0.00%, Uptime: 14.38s
2025-03-27 14:15:38,626 - INFO - Expecting Sequence #187
2025-03-27 14:15:38,626 - INFO - Received Sequence #187 (884 bytes)
2025-03-27 14:15:38,626 - INFO - Packets Received: 188, Lost Packets: 0, Loss Rate: 0.00%, Uptime: 14.38s
2025-03-27 14:15:38,631 - INFO - Expecting Sequence #188
2025-03-27 14:15:38,646 - INFO - Sending Sequence #188 (884 bytes)
2025-03-27 14:15:38,646 - INFO - Sending Sequence #189 (884 bytes)

2025-03-27 14:15:38,646 - INFO - Packets Received: 189, Lost Packets: 0, Loss Rate: 0.00%, Uptime: 14.40s
2025-03-27 14:15:38,646 - INFO - Expecting Sequence #189
2025-03-27 14:15:38,650 - INFO - Received Sequence #189 (884 bytes)
2025-03-27 14:15:38,651 - INFO - Packets Received: 190, Lost Packets: 0, Loss Rate: 0.00%, Uptime: 14.41s
2025-03-27 14:15:38,652 - INFO - Expecting Sequence #190
2025-03-27 14:15:38,666 - INFO - Sending Sequence #190 (884 bytes)
2025-03-27 14:15:38,666 - INFO - Received Sequence #190 (884 bytes)
2025-03-27 14:15:38,666 - INFO - Packets Received: 191, Lost Packets: 0, Loss Rate: 0.00%, Uptime: 14.42s
2025-03-27 14:15:38,669 - INFO - Expecting Sequence #191
2025-03-27 14:15:38,669 - INFO - Received Sequence #191 (884 bytes)
2025-03-27 14:15:38,669 - INFO - Packets Received: 192, Lost Packets: 0, Loss Rate: 0.00%, Uptime: 14.43s
2025-03-27 14:15:38,669 - INFO - Expecting Sequence #192
2025-03-27 14:15:38,686 - INFO - Sending Sequence #192 (884 bytes)
2025-03-27 14:15:38,686 - INFO - Received Sequence #192 (884 bytes)
2025-03-27 14:15:38,686 - INFO - Packets Received: 193, Lost Packets: 0, Loss Rate: 0.00%, Uptime: 14.44s
2025-03-27 14:15:38,686 - INFO - Expecting Sequence #193
2025-03-27 14:15:38,686 - INFO - Received Sequence #193 (884 bytes)
2025-03-27 14:15:38,690 - INFO - Packets Received: 194, Lost Packets: 0, Loss Rate: 0.00%, Uptime: 14.45s
2025-03-27 14:15:38,690 - INFO - Expecting Sequence #194
2025-03-27 14:15:38,706 - INFO - Sending Sequence #194 (884 bytes)
2025-03-27 14:15:38,706 - INFO - Sending Sequence #195 (884 bytes)
2025-03-27 14:15:38,706 - INFO - Received Sequence #194 (884 bytes)
2025-03-27 14:15:38,706 - INFO - Packets Received: 195, Lost Packets: 0, Loss Rate: 0.00%, Uptime: 14.46s
2025-03-27 14:15:38,706 - INFO - Expecting Sequence #195
2025-03-27 14:15:38,706 - INFO - Received Sequence #195 (884 bytes)
2025-03-27 14:15:38,706 - INFO - Packets Received: 196, Lost Packets: 0, Loss Rate: 0.00%, Uptime: 14.46s
2025-03-27 14:15:38,706 - INFO - Expecting Sequence #196
2025-03-27 14:15:38,726 - INFO - Sending Sequence #196 (884 bytes)
2025-03-27 14:15:38,726 - INFO - Sending Sequence #197 (884 bytes)
2025-03-27 14:15:38,726 - INFO - Received Sequence #196 (884 bytes)
2025-03-27 14:15:38,726 - INFO - Packets Received: 197, Lost Packets: 0, Loss Rate: 0.00%, Uptime: 14.48s
2025-03-27 14:15:38,726 - INFO - Expecting Sequence #197
2025-03-27 14:15:38,726 - INFO - Received Sequence #197 (884 bytes)
2025-03-27 14:15:38,726 - INFO - Packets Received: 198, Lost Packets: 0, Loss Rate: 0.00%, Uptime: 14.48s
2025-03-27 14:15:38,726 - INFO - Expecting Sequence #198
2025-03-27 14:15:38,746 - INFO - Sending Sequence #198 (884 bytes)
2025-03-27 14:15:38,747 - INFO - Received Sequence #198 (884 bytes)
2025-03-27 14:15:38,749 - INFO - Packets Received: 199, Lost Packets: 0, Loss Rate: 0.00%, Uptime: 14.51s
2025-03-27 14:15:38,749 - INFO - Expecting Sequence #199
2025-03-27 14:15:38,749 - INFO - Received Sequence #199 (884 bytes)
2025-03-27 14:15:38,751 - INFO - Packets Received: 200, Lost Packets: 0, Loss Rate: 0.00%, Uptime: 14.51s
2025-03-27 14:15:38,751 - INFO - Expecting Sequence #200
2025-03-27 14:15:38,766 - INFO - Sending Sequence #200 (884 bytes)
2025-03-27 14:15:38,768 - INFO - Sending Sequence #201 (884 bytes)

2025-03-27 14:15:38,768 - INFO - Packets Received: 201, Lost Packets: 0, Loss Rate: 0.00%, Uptime: 14.53s
2025-03-27 14:15:38,768 - INFO - Expecting Sequence #201
2025-03-27 14:15:38,768 - INFO - Received Sequence #201 (884 bytes)
2025-03-27 14:15:38,768 - INFO - Packets Received: 202, Lost Packets: 0, Loss Rate: 0.00%, Uptime: 14.53s
2025-03-27 14:15:38,768 - INFO - Expecting Sequence #202
2025-03-27 14:15:38,786 - INFO - Sending Sequence #202 (884 bytes)
2025-03-27 14:15:38,788 - INFO - Sending Sequence #203 (884 bytes)
2025-03-27 14:15:38,788 - INFO - Received Sequence #202 (884 bytes)
2025-03-27 14:15:38,788 - INFO - Packets Received: 203, Lost Packets: 0, Loss Rate: 0.00%, Uptime: 14.55s
2025-03-27 14:15:38,788 - INFO - Expecting Sequence #203
2025-03-27 14:15:38,788 - INFO - Received Sequence #203 (884 bytes)
2025-03-27 14:15:38,788 - INFO - Packets Received: 204, Lost Packets: 0, Loss Rate: 0.00%, Uptime: 14.55s
2025-03-27 14:15:38,788 - INFO - Expecting Sequence #204
2025-03-27 14:15:38,806 - INFO - Sending Sequence #204 (884 bytes)
2025-03-27 14:15:38,808 - INFO - Sending Sequence #205 (884 bytes)

2025-03-27 14:15:38,808 - INFO - Packets Received: 205, Lost Packets: 0, Loss Rate: 0.00%, Uptime: 14.57s
2025-03-27 14:15:38,810 - INFO - Expecting Sequence #205
2025-03-27 14:15:38,810 - INFO - Received Sequence #205 (884 bytes)
2025-03-27 14:15:38,811 - INFO - Packets Received: 206, Lost Packets: 0, Loss Rate: 0.00%, Uptime: 14.57s
2025-03-27 14:15:38,811 - INFO - Expecting Sequence #206
2025-03-27 14:15:38,826 - INFO - Sending Sequence #206 (884 bytes)
2025-03-27 14:15:38,828 - INFO - Sending Sequence #207 (884 bytes)

2025-03-27 14:15:38,829 - INFO - Packets Received: 207, Lost Packets: 0, Loss Rate: 0.00%, Uptime: 14.59s
2025-03-27 14:15:38,829 - INFO - Expecting Sequence #207
2025-03-27 14:15:38,829 - INFO - Received Sequence #207 (884 bytes)
2025-03-27 14:15:38,831 - INFO - Packets Received: 208, Lost Packets: 0, Loss Rate: 0.00%, Uptime: 14.59s
2025-03-27 14:15:38,831 - INFO - Expecting Sequence #208
2025-03-27 14:15:38,847 - INFO - Sending Sequence #208 (884 bytes)
2025-03-27 14:15:38,851 - INFO - Received Sequence #208 (884 bytes)
2025-03-27 14:15:38,851 - INFO - Sending Sequence #209 (884 bytes)
2025-03-27 14:15:38,851 - INFO - Packets Received: 209, Lost Packets: 0, Loss Rate: 0.00%, Uptime: 14.61s
2025-03-27 14:15:38,851 - INFO - Expecting Sequence #209
2025-03-27 14:15:38,853 - INFO - Received Sequence #209 (884 bytes)
2025-03-27 14:15:38,853 - INFO - Packets Received: 210, Lost Packets: 0, Loss Rate: 0.00%, Uptime: 14.61s
2025-03-27 14:15:38,853 - INFO - Expecting Sequence #210
2025-03-27 14:15:38,867 - INFO - Sending Sequence #210 (884 bytes)
2025-03-27 14:15:38,869 - INFO - Sending Sequence #211 (884 bytes)

2025-03-27 14:15:38,871 - INFO - Packets Received: 211, Lost Packets: 0, Loss Rate: 0.00%, Uptime: 14.63s
2025-03-27 14:15:38,871 - INFO - Expecting Sequence #211
2025-03-27 14:15:38,871 - INFO - Received Sequence #211 (884 bytes)
2025-03-27 14:15:38,871 - INFO - Packets Received: 212, Lost Packets: 0, Loss Rate: 0.00%, Uptime: 14.63s
2025-03-27 14:15:38,871 - INFO - Expecting Sequence #212
2025-03-27 14:15:38,886 - INFO - Sending Sequence #212 (884 bytes)
2025-03-27 14:15:38,888 - INFO - Received Sequence #212 (884 bytes)
2025-03-27 14:15:38,888 - INFO - Packets Received: 213, Lost Packets: 0, Loss Rate: 0.00%, Uptime: 14.65s
2025-03-27 14:15:38,888 - INFO - Expecting Sequence #213
2025-03-27 14:15:38,888 - INFO - Received Sequence #213 (884 bytes)
2025-03-27 14:15:38,888 - INFO - Packets Received: 214, Lost Packets: 0, Loss Rate: 0.00%, Uptime: 14.65s
2025-03-27 14:15:38,888 - INFO - Expecting Sequence #214
2025-03-27 14:15:38,906 - INFO - Sending Sequence #214 (884 bytes)
2025-03-27 14:15:38,908 - INFO - Received Sequence #214 (884 bytes)
2025-03-27 14:15:38,909 - INFO - Packets Received: 215, Lost Packets: 0, Loss Rate: 0.00%, Uptime: 14.67s
2025-03-27 14:15:38,909 - INFO - Expecting Sequence #215
2025-03-27 14:15:38,910 - INFO - Received Sequence #215 (884 bytes)
2025-03-27 14:15:38,911 - INFO - Packets Received: 216, Lost Packets: 0, Loss Rate: 0.00%, Uptime: 14.67s
2025-03-27 14:15:38,912 - INFO - Expecting Sequence #216
2025-03-27 14:15:38,927 - INFO - Sending Sequence #216 (884 bytes)
2025-03-27 14:15:38,928 - INFO - Received Sequence #216 (884 bytes)
2025-03-27 14:15:38,928 - INFO - Packets Received: 217, Lost Packets: 0, Loss Rate: 0.00%, Uptime: 14.69s
2025-03-27 14:15:38,928 - INFO - Expecting Sequence #217
2025-03-27 14:15:38,931 - INFO - Received Sequence #217 (884 bytes)
2025-03-27 14:15:38,932 - INFO - Packets Received: 218, Lost Packets: 0, Loss Rate: 0.00%, Uptime: 14.69s
2025-03-27 14:15:38,932 - INFO - Expecting Sequence #218
2025-03-27 14:15:38,946 - INFO - Sending Sequence #218 (884 bytes)
2025-03-27 14:15:38,950 - INFO - Sending Sequence #219 (884 bytes)

2025-03-27 14:15:38,952 - INFO - Packets Received: 219, Lost Packets: 0, Loss Rate: 0.00%, Uptime: 14.71s
2025-03-27 14:15:38,952 - INFO - Expecting Sequence #219
2025-03-27 14:15:38,952 - INFO - Received Sequence #219 (884 bytes)
2025-03-27 14:15:38,952 - INFO - Packets Received: 220, Lost Packets: 0, Loss Rate: 0.00%, Uptime: 14.71s
2025-03-27 14:15:38,952 - INFO - Expecting Sequence #220
2025-03-27 14:15:38,966 - INFO - Sending Sequence #220 (884 bytes)
2025-03-27 14:15:38,968 - INFO - Received Sequence #220 (884 bytes)
2025-03-27 14:15:38,968 - INFO - Packets Received: 221, Lost Packets: 0, Loss Rate: 0.00%, Uptime: 14.73s
2025-03-27 14:15:38,968 - INFO - Expecting Sequence #221
2025-03-27 14:15:38,968 - INFO - Received Sequence #221 (884 bytes)
2025-03-27 14:15:38,968 - INFO - Packets Received: 222, Lost Packets: 0, Loss Rate: 0.00%, Uptime: 14.73s
2025-03-27 14:15:38,968 - INFO - Expecting Sequence #222
2025-03-27 14:15:38,986 - INFO - Sending Sequence #222 (884 bytes)
2025-03-27 14:15:38,986 - INFO - Sending Sequence #223 (884 bytes)
2025-03-27 14:15:38,986 - INFO - Received Sequence #222 (884 bytes)
2025-03-27 14:15:38,986 - INFO - Packets Received: 223, Lost Packets: 0, Loss Rate: 0.00%, Uptime: 14.74s
2025-03-27 14:15:38,986 - INFO - Expecting Sequence #223
2025-03-27 14:15:38,986 - INFO - Received Sequence #223 (884 bytes)
2025-03-27 14:15:38,986 - INFO - Packets Received: 224, Lost Packets: 0, Loss Rate: 0.00%, Uptime: 14.74s
2025-03-27 14:15:38,986 - INFO - Expecting Sequence #224
2025-03-27 14:15:39,006 - INFO - Sending Sequence #224 (884 bytes)
2025-03-27 14:15:39,007 - INFO - Received Sequence #224 (884 bytes)
2025-03-27 14:15:39,010 - INFO - Packets Received: 225, Lost Packets: 0, Loss Rate: 0.00%, Uptime: 14.76s
2025-03-27 14:15:39,010 - INFO - Expecting Sequence #225
2025-03-27 14:15:39,010 - INFO - Received Sequence #225 (884 bytes)
2025-03-27 14:15:39,011 - INFO - Packets Received: 226, Lost Packets: 0, Loss Rate: 0.00%, Uptime: 14.77s
2025-03-27 14:15:39,011 - INFO - Expecting Sequence #226
2025-03-27 14:15:39,027 - INFO - Sending Sequence #226 (884 bytes)
2025-03-27 14:15:39,028 - INFO - Sending Sequence #227 (884 bytes)
2025-03-27 14:15:39,028 - INFO - Received Sequence #226 (884 bytes)
2025-03-27 14:15:39,028 - INFO - Packets Received: 227, Lost Packets: 0, Loss Rate: 0.00%, Uptime: 14.79s
2025-03-27 14:15:39,028 - INFO - Expecting Sequence #227
2025-03-27 14:15:39,028 - INFO - Received Sequence #227 (884 bytes)
2025-03-27 14:15:39,028 - INFO - Packets Received: 228, Lost Packets: 0, Loss Rate: 0.00%, Uptime: 14.79s
2025-03-27 14:15:39,028 - INFO - Expecting Sequence #228
2025-03-27 14:15:39,046 - INFO - Sending Sequence #228 (884 bytes)
2025-03-27 14:15:39,048 - INFO - Received Sequence #228 (884 bytes)
2025-03-27 14:15:39,048 - INFO - Sending Sequence #229 (884 bytes)
2025-03-27 14:15:39,051 - INFO - Packets Received: 229, Lost Packets: 0, Loss Rate: 0.00%, Uptime: 14.81s
2025-03-27 14:15:39,051 - INFO - Expecting Sequence #229
2025-03-27 14:15:39,051 - INFO - Received Sequence #229 (884 bytes)
2025-03-27 14:15:39,051 - INFO - Packets Received: 230, Lost Packets: 0, Loss Rate: 0.00%, Uptime: 14.81s
2025-03-27 14:15:39,051 - INFO - Expecting Sequence #230
2025-03-27 14:15:39,067 - INFO - Sending Sequence #230 (884 bytes)
2025-03-27 14:15:39,069 - INFO - Received Sequence #230 (884 bytes)
2025-03-27 14:15:39,069 - INFO - Packets Received: 231, Lost Packets: 0, Loss Rate: 0.00%, Uptime: 14.83s
2025-03-27 14:15:39,069 - INFO - Expecting Sequence #231
2025-03-27 14:15:39,071 - INFO - Received Sequence #231 (884 bytes)
2025-03-27 14:15:39,071 - INFO - Packets Received: 232, Lost Packets: 0, Loss Rate: 0.00%, Uptime: 14.83s
2025-03-27 14:15:39,071 - INFO - Expecting Sequence #232
2025-03-27 14:15:39,086 - INFO - Sending Sequence #232 (884 bytes)
2025-03-27 14:15:39,088 - INFO - Sending Sequence #233 (884 bytes)

2025-03-27 14:15:39,088 - INFO - Packets Received: 233, Lost Packets: 0, Loss Rate: 0.00%, Uptime: 14.85s
2025-03-27 14:15:39,088 - INFO - Expecting Sequence #233
2025-03-27 14:15:39,088 - INFO - Received Sequence #233 (884 bytes)
2025-03-27 14:15:39,088 - INFO - Packets Received: 234, Lost Packets: 0, Loss Rate: 0.00%, Uptime: 14.85s
2025-03-27 14:15:39,088 - INFO - Expecting Sequence #234
2025-03-27 14:15:39,106 - INFO - Sending Sequence #234 (884 bytes)
2025-03-27 14:15:39,108 - INFO - Sending Sequence #235 (884 bytes)
2025-03-27 14:15:39,108 - INFO - Received Sequence #234 (884 bytes)
2025-03-27 14:15:39,108 - INFO - Packets Received: 235, Lost Packets: 0, Loss Rate: 0.00%, Uptime: 14.87s
2025-03-27 14:15:39,108 - INFO - Expecting Sequence #235
2025-03-27 14:15:39,108 - INFO - Received Sequence #235 (884 bytes)
2025-03-27 14:15:39,111 - INFO - Packets Received: 236, Lost Packets: 0, Loss Rate: 0.00%, Uptime: 14.87s
2025-03-27 14:15:39,111 - INFO - Expecting Sequence #236
2025-03-27 14:15:39,126 - INFO - Sending Sequence #236 (884 bytes)
2025-03-27 14:15:39,126 - INFO - Received Sequence #236 (884 bytes)
2025-03-27 14:15:39,126 - INFO - Sending Sequence #237 (884 bytes)
2025-03-27 14:15:39,126 - INFO - Packets Received: 237, Lost Packets: 0, Loss Rate: 0.00%, Uptime: 14.88s
2025-03-27 14:15:39,126 - INFO - Expecting Sequence #237
2025-03-27 14:15:39,131 - INFO - Received Sequence #237 (884 bytes)
2025-03-27 14:15:39,133 - INFO - Packets Received: 238, Lost Packets: 0, Loss Rate: 0.00%, Uptime: 14.89s
2025-03-27 14:15:39,133 - INFO - Expecting Sequence #238
2025-03-27 14:15:39,146 - INFO - Sending Sequence #238 (884 bytes)
2025-03-27 14:15:39,149 - INFO - Sending Sequence #239 (884 bytes)

2025-03-27 14:15:39,151 - INFO - Packets Received: 239, Lost Packets: 0, Loss Rate: 0.00%, Uptime: 14.91s
2025-03-27 14:15:39,151 - INFO - Expecting Sequence #239
2025-03-27 14:15:39,151 - INFO - Received Sequence #239 (884 bytes)
2025-03-27 14:15:39,153 - INFO - Packets Received: 240, Lost Packets: 0, Loss Rate: 0.00%, Uptime: 14.91s
2025-03-27 14:15:39,153 - INFO - Expecting Sequence #240
2025-03-27 14:15:39,166 - INFO - Sending Sequence #240 (884 bytes)
2025-03-27 14:15:39,166 - INFO - Received Sequence #240 (884 bytes)
2025-03-27 14:15:39,166 - INFO - Packets Received: 241, Lost Packets: 0, Loss Rate: 0.00%, Uptime: 14.92s
2025-03-27 14:15:39,166 - INFO - Expecting Sequence #241
2025-03-27 14:15:39,166 - INFO - Received Sequence #241 (884 bytes)
2025-03-27 14:15:39,166 - INFO - Packets Received: 242, Lost Packets: 0, Loss Rate: 0.00%, Uptime: 14.92s
2025-03-27 14:15:39,166 - INFO - Expecting Sequence #242
2025-03-27 14:15:39,186 - INFO - Sending Sequence #242 (884 bytes)
2025-03-27 14:15:39,187 - INFO - Sending Sequence #243 (884 bytes)
2025-03-27 14:15:39,187 - INFO - Received Sequence #242 (884 bytes)
2025-03-27 14:15:39,187 - INFO - Packets Received: 243, Lost Packets: 0, Loss Rate: 0.00%, Uptime: 14.94s
2025-03-27 14:15:39,187 - INFO - Expecting Sequence #243
2025-03-27 14:15:39,187 - INFO - Received Sequence #243 (884 bytes)
2025-03-27 14:15:39,191 - INFO - Packets Received: 244, Lost Packets: 0, Loss Rate: 0.00%, Uptime: 14.95s
2025-03-27 14:15:39,191 - INFO - Expecting Sequence #244
2025-03-27 14:15:39,207 - INFO - Sending Sequence #244 (884 bytes)
2025-03-27 14:15:39,208 - INFO - Sending Sequence #245 (884 bytes)
2025-03-27 14:15:39,208 - INFO - Received Sequence #244 (884 bytes)
2025-03-27 14:15:39,208 - INFO - Packets Received: 245, Lost Packets: 0, Loss Rate: 0.00%, Uptime: 14.97s
2025-03-27 14:15:39,210 - INFO - Expecting Sequence #245
2025-03-27 14:15:39,210 - INFO - Received Sequence #245 (884 bytes)
2025-03-27 14:15:39,211 - INFO - Packets Received: 246, Lost Packets: 0, Loss Rate: 0.00%, Uptime: 14.97s
2025-03-27 14:15:39,211 - INFO - Expecting Sequence #246
2025-03-27 14:15:39,226 - INFO - Sending Sequence #246 (884 bytes)
2025-03-27 14:15:39,228 - INFO - Received Sequence #246 (884 bytes)
2025-03-27 14:15:39,228 - INFO - Packets Received: 247, Lost Packets: 0, Loss Rate: 0.00%, Uptime: 14.99s
2025-03-27 14:15:39,228 - INFO - Expecting Sequence #247
2025-03-27 14:15:39,230 - INFO - Received Sequence #247 (884 bytes)
2025-03-27 14:15:39,231 - INFO - Packets Received: 248, Lost Packets: 0, Loss Rate: 0.00%, Uptime: 14.99s
2025-03-27 14:15:39,231 - INFO - Expecting Sequence #248
2025-03-27 14:15:39,248 - INFO - Sending Sequence #248 (884 bytes)
2025-03-27 14:15:39,250 - INFO - Sending Sequence #249 (884 bytes)

2025-03-27 14:15:39,250 - INFO - Packets Received: 249, Lost Packets: 0, Loss Rate: 0.00%, Uptime: 15.01s
2025-03-27 14:15:39,250 - INFO - Expecting Sequence #249
2025-03-27 14:15:39,252 - INFO - Received Sequence #249 (884 bytes)
2025-03-27 14:15:39,252 - INFO - Packets Received: 250, Lost Packets: 0, Loss Rate: 0.00%, Uptime: 15.01s
2025-03-27 14:15:39,252 - INFO - Expecting Sequence #250
2025-03-27 14:15:39,267 - INFO - Sending Sequence #250 (884 bytes)
2025-03-27 14:15:39,269 - INFO - Sending Sequence #251 (884 bytes)

2025-03-27 14:15:39,269 - INFO - Packets Received: 251, Lost Packets: 0, Loss Rate: 0.00%, Uptime: 15.03s
2025-03-27 14:15:39,269 - INFO - Expecting Sequence #251
2025-03-27 14:15:39,272 - INFO - Received Sequence #251 (884 bytes)
2025-03-27 14:15:39,272 - INFO - Packets Received: 252, Lost Packets: 0, Loss Rate: 0.00%, Uptime: 15.03s
2025-03-27 14:15:39,272 - INFO - Expecting Sequence #252
2025-03-27 14:15:39,286 - INFO - Sending Sequence #252 (884 bytes)
2025-03-27 14:15:39,289 - INFO - Sending Sequence #253 (884 bytes)

2025-03-27 14:15:39,289 - INFO - Packets Received: 253, Lost Packets: 0, Loss Rate: 0.00%, Uptime: 15.05s
2025-03-27 14:15:39,289 - INFO - Expecting Sequence #253
2025-03-27 14:15:39,289 - INFO - Received Sequence #253 (884 bytes)
2025-03-27 14:15:39,289 - INFO - Packets Received: 254, Lost Packets: 0, Loss Rate: 0.00%, Uptime: 15.05s
2025-03-27 14:15:39,289 - INFO - Expecting Sequence #254
2025-03-27 14:15:39,306 - INFO - Sending Sequence #254 (884 bytes)
2025-03-27 14:15:39,308 - INFO - Sending Sequence #255 (884 bytes)
2025-03-27 14:15:39,308 - INFO - Received Sequence #254 (884 bytes)
2025-03-27 14:15:39,308 - INFO - Packets Received: 255, Lost Packets: 0, Loss Rate: 0.00%, Uptime: 15.07s
2025-03-27 14:15:39,308 - INFO - Expecting Sequence #255
2025-03-27 14:15:39,310 - INFO - Received Sequence #255 (884 bytes)
2025-03-27 14:15:39,310 - INFO - Packets Received: 256, Lost Packets: 0, Loss Rate: 0.00%, Uptime: 15.07s
2025-03-27 14:15:39,310 - INFO - Expecting Sequence #256
2025-03-27 14:15:39,326 - INFO - Sending Sequence #256 (884 bytes)
2025-03-27 14:15:39,326 - INFO - Received Sequence #256 (884 bytes)
2025-03-27 14:15:39,330 - INFO - Packets Received: 257, Lost Packets: 0, Loss Rate: 0.00%, Uptime: 15.09s
2025-03-27 14:15:39,330 - INFO - Expecting Sequence #257
2025-03-27 14:15:39,332 - INFO - Received Sequence #257 (884 bytes)
2025-03-27 14:15:39,332 - INFO - Packets Received: 258, Lost Packets: 0, Loss Rate: 0.00%, Uptime: 15.09s
2025-03-27 14:15:39,332 - INFO - Expecting Sequence #258
2025-03-27 14:15:39,347 - INFO - Sending Sequence #258 (884 bytes)
2025-03-27 14:15:39,349 - INFO - Sending Sequence #259 (884 bytes)
2025-03-27 14:15:39,349 - INFO - Received Sequence #258 (884 bytes)
2025-03-27 14:15:39,349 - INFO - Packets Received: 259, Lost Packets: 0, Loss Rate: 0.00%, Uptime: 15.11s
2025-03-27 14:15:39,351 - INFO - Expecting Sequence #259
2025-03-27 14:15:39,351 - INFO - Received Sequence #259 (884 bytes)
2025-03-27 14:15:39,351 - INFO - Packets Received: 260, Lost Packets: 0, Loss Rate: 0.00%, Uptime: 15.11s
2025-03-27 14:15:39,351 - INFO - Expecting Sequence #260
2025-03-27 14:15:39,367 - INFO - Sending Sequence #260 (884 bytes)
2025-03-27 14:15:39,369 - INFO - Received Sequence #260 (884 bytes)
2025-03-27 14:15:39,369 - INFO - Packets Received: 261, Lost Packets: 0, Loss Rate: 0.00%, Uptime: 15.13s
2025-03-27 14:15:39,369 - INFO - Expecting Sequence #261
2025-03-27 14:15:39,371 - INFO - Received Sequence #261 (884 bytes)
2025-03-27 14:15:39,372 - INFO - Packets Received: 262, Lost Packets: 0, Loss Rate: 0.00%, Uptime: 15.13s
2025-03-27 14:15:39,372 - INFO - Expecting Sequence #262
2025-03-27 14:15:39,386 - INFO - Sending Sequence #262 (884 bytes)
2025-03-27 14:15:39,387 - INFO - Sending Sequence #263 (884 bytes)
2025-03-27 14:15:39,387 - INFO - Received Sequence #262 (884 bytes)
2025-03-27 14:15:39,387 - INFO - Packets Received: 263, Lost Packets: 0, Loss Rate: 0.00%, Uptime: 15.14s
2025-03-27 14:15:39,387 - INFO - Expecting Sequence #263
2025-03-27 14:15:39,387 - INFO - Received Sequence #263 (884 bytes)
2025-03-27 14:15:39,387 - INFO - Packets Received: 264, Lost Packets: 0, Loss Rate: 0.00%, Uptime: 15.14s
2025-03-27 14:15:39,387 - INFO - Expecting Sequence #264
2025-03-27 14:15:39,408 - INFO - Sending Sequence #264 (884 bytes)
2025-03-27 14:15:39,408 - INFO - Sending Sequence #265 (884 bytes)

2025-03-27 14:15:39,410 - INFO - Packets Received: 265, Lost Packets: 0, Loss Rate: 0.00%, Uptime: 15.17s
2025-03-27 14:15:39,410 - INFO - Expecting Sequence #265
2025-03-27 14:15:39,412 - INFO - Received Sequence #265 (884 bytes)
2025-03-27 14:15:39,415 - INFO - Packets Received: 266, Lost Packets: 0, Loss Rate: 0.00%, Uptime: 15.17s
2025-03-27 14:15:39,415 - INFO - Expecting Sequence #266
2025-03-27 14:15:39,426 - INFO - Sending Sequence #266 (884 bytes)
2025-03-27 14:15:39,429 - INFO - Received Sequence #266 (884 bytes)
2025-03-27 14:15:39,430 - INFO - Packets Received: 267, Lost Packets: 0, Loss Rate: 0.00%, Uptime: 15.19s
2025-03-27 14:15:39,430 - INFO - Expecting Sequence #267
2025-03-27 14:15:39,430 - INFO - Received Sequence #267 (884 bytes)
2025-03-27 14:15:39,432 - INFO - Packets Received: 268, Lost Packets: 0, Loss Rate: 0.00%, Uptime: 15.19s
2025-03-27 14:15:39,432 - INFO - Expecting Sequence #268
2025-03-27 14:15:39,447 - INFO - Sending Sequence #268 (884 bytes)
2025-03-27 14:15:39,450 - INFO - Received Sequence #268 (884 bytes)
2025-03-27 14:15:39,450 - INFO - Sending Sequence #269 (884 bytes)
2025-03-27 14:15:39,450 - INFO - Packets Received: 269, Lost Packets: 0, Loss Rate: 0.00%, Uptime: 15.21s
2025-03-27 14:15:39,450 - INFO - Expecting Sequence #269
2025-03-27 14:15:39,453 - INFO - Received Sequence #269 (884 bytes)
2025-03-27 14:15:39,454 - INFO - Packets Received: 270, Lost Packets: 0, Loss Rate: 0.00%, Uptime: 15.21s
2025-03-27 14:15:39,454 - INFO - Expecting Sequence #270
2025-03-27 14:15:39,466 - INFO - Sending Sequence #270 (884 bytes)
2025-03-27 14:15:39,468 - INFO - Sending Sequence #271 (884 bytes)

2025-03-27 14:15:39,468 - INFO - Packets Received: 271, Lost Packets: 0, Loss Rate: 0.00%, Uptime: 15.23s
2025-03-27 14:15:39,470 - INFO - Expecting Sequence #271
2025-03-27 14:15:39,471 - INFO - Received Sequence #271 (884 bytes)
2025-03-27 14:15:39,472 - INFO - Packets Received: 272, Lost Packets: 0, Loss Rate: 0.00%, Uptime: 15.23s
2025-03-27 14:15:39,472 - INFO - Expecting Sequence #272
2025-03-27 14:15:39,487 - INFO - Sending Sequence #272 (884 bytes)
2025-03-27 14:15:39,488 - INFO - Sending Sequence #273 (884 bytes)
2025-03-27 14:15:39,488 - INFO - Received Sequence #272 (884 bytes)
2025-03-27 14:15:39,488 - INFO - Packets Received: 273, Lost Packets: 0, Loss Rate: 0.00%, Uptime: 15.25s
2025-03-27 14:15:39,488 - INFO - Expecting Sequence #273
2025-03-27 14:15:39,488 - INFO - Received Sequence #273 (884 bytes)
2025-03-27 14:15:39,488 - INFO - Packets Received: 274, Lost Packets: 0, Loss Rate: 0.00%, Uptime: 15.25s
2025-03-27 14:15:39,488 - INFO - Expecting Sequence #274
2025-03-27 14:15:39,506 - INFO - Sending Sequence #274 (884 bytes)
2025-03-27 14:15:39,508 - INFO - Received Sequence #274 (884 bytes)
2025-03-27 14:15:39,508 - INFO - Packets Received: 275, Lost Packets: 0, Loss Rate: 0.00%, Uptime: 15.27s
2025-03-27 14:15:39,508 - INFO - Expecting Sequence #275
2025-03-27 14:15:39,511 - INFO - Received Sequence #275 (884 bytes)
2025-03-27 14:15:39,511 - INFO - Packets Received: 276, Lost Packets: 0, Loss Rate: 0.00%, Uptime: 15.27s
2025-03-27 14:15:39,511 - INFO - Expecting Sequence #276
2025-03-27 14:15:39,527 - INFO - Sending Sequence #276 (884 bytes)
2025-03-27 14:15:39,527 - INFO - Received Sequence #276 (884 bytes)
2025-03-27 14:15:39,527 - INFO - Packets Received: 277, Lost Packets: 0, Loss Rate: 0.00%, Uptime: 15.28s
2025-03-27 14:15:39,527 - INFO - Expecting Sequence #277
2025-03-27 14:15:39,532 - INFO - Received Sequence #277 (884 bytes)
2025-03-27 14:15:39,532 - INFO - Packets Received: 278, Lost Packets: 0, Loss Rate: 0.00%, Uptime: 15.29s
2025-03-27 14:15:39,532 - INFO - Expecting Sequence #278
2025-03-27 14:15:39,546 - INFO - Sending Sequence #278 (884 bytes)
2025-03-27 14:15:39,548 - INFO - Received Sequence #278 (884 bytes)
2025-03-27 14:15:39,548 - INFO - Packets Received: 279, Lost Packets: 0, Loss Rate: 0.00%, Uptime: 15.31s
2025-03-27 14:15:39,551 - INFO - Expecting Sequence #279
2025-03-27 14:15:39,551 - INFO - Received Sequence #279 (884 bytes)
2025-03-27 14:15:39,551 - INFO - Packets Received: 280, Lost Packets: 0, Loss Rate: 0.00%, Uptime: 15.31s
2025-03-27 14:15:39,551 - INFO - Expecting Sequence #280
2025-03-27 14:15:39,567 - INFO - Sending Sequence #280 (884 bytes)
2025-03-27 14:15:39,567 - INFO - Sending Sequence #281 (884 bytes)
2025-03-27 14:15:39,567 - INFO - Received Sequence #280 (884 bytes)
2025-03-27 14:15:39,567 - INFO - Packets Received: 281, Lost Packets: 0, Loss Rate: 0.00%, Uptime: 15.33s
2025-03-27 14:15:39,567 - INFO - Expecting Sequence #281
2025-03-27 14:15:39,567 - INFO - Received Sequence #281 (884 bytes)
2025-03-27 14:15:39,567 - INFO - Packets Received: 282, Lost Packets: 0, Loss Rate: 0.00%, Uptime: 15.33s
2025-03-27 14:15:39,567 - INFO - Expecting Sequence #282
2025-03-27 14:15:39,587 - INFO - Sending Sequence #282 (884 bytes)
2025-03-27 14:15:39,588 - INFO - Sending Sequence #283 (884 bytes)

2025-03-27 14:15:39,588 - INFO - Packets Received: 283, Lost Packets: 0, Loss Rate: 0.00%, Uptime: 15.35s
2025-03-27 14:15:39,588 - INFO - Expecting Sequence #283
2025-03-27 14:15:39,588 - INFO - Received Sequence #283 (884 bytes)
2025-03-27 14:15:39,588 - INFO - Packets Received: 284, Lost Packets: 0, Loss Rate: 0.00%, Uptime: 15.35s
2025-03-27 14:15:39,592 - INFO - Expecting Sequence #284
2025-03-27 14:15:39,606 - INFO - Sending Sequence #284 (884 bytes)
2025-03-27 14:15:39,608 - INFO - Sending Sequence #285 (884 bytes)
2025-03-27 14:15:39,608 - INFO - Received Sequence #284 (884 bytes)
2025-03-27 14:15:39,610 - INFO - Packets Received: 285, Lost Packets: 0, Loss Rate: 0.00%, Uptime: 15.37s
2025-03-27 14:15:39,610 - INFO - Expecting Sequence #285
2025-03-27 14:15:39,610 - INFO - Received Sequence #285 (884 bytes)
2025-03-27 14:15:39,611 - INFO - Packets Received: 286, Lost Packets: 0, Loss Rate: 0.00%, Uptime: 15.37s
2025-03-27 14:15:39,611 - INFO - Expecting Sequence #286
2025-03-27 14:15:39,627 - INFO - Sending Sequence #286 (884 bytes)
2025-03-27 14:15:39,628 - INFO - Sending Sequence #287 (884 bytes)
2025-03-27 14:15:39,628 - INFO - Received Sequence #286 (884 bytes)
2025-03-27 14:15:39,628 - INFO - Packets Received: 287, Lost Packets: 0, Loss Rate: 0.00%, Uptime: 15.39s
2025-03-27 14:15:39,628 - INFO - Expecting Sequence #287
2025-03-27 14:15:39,632 - INFO - Received Sequence #287 (884 bytes)
2025-03-27 14:15:39,634 - INFO - Packets Received: 288, Lost Packets: 0, Loss Rate: 0.00%, Uptime: 15.39s
2025-03-27 14:15:39,634 - INFO - Expecting Sequence #288
2025-03-27 14:15:39,647 - INFO - Sending Sequence #288 (884 bytes)
2025-03-27 14:15:39,650 - INFO - Received Sequence #288 (884 bytes)
2025-03-27 14:15:39,650 - INFO - Packets Received: 289, Lost Packets: 0, Loss Rate: 0.00%, Uptime: 15.41s
2025-03-27 14:15:39,650 - INFO - Expecting Sequence #289
2025-03-27 14:15:39,650 - INFO - Received Sequence #289 (884 bytes)
2025-03-27 14:15:39,653 - INFO - Packets Received: 290, Lost Packets: 0, Loss Rate: 0.00%, Uptime: 15.41s
2025-03-27 14:15:39,653 - INFO - Expecting Sequence #290
2025-03-27 14:15:39,666 - INFO - Sending Sequence #290 (884 bytes)
2025-03-27 14:15:39,669 - INFO - Sending Sequence #291 (884 bytes)

2025-03-27 14:15:39,669 - INFO - Packets Received: 291, Lost Packets: 0, Loss Rate: 0.00%, Uptime: 15.43s
2025-03-27 14:15:39,669 - INFO - Expecting Sequence #291
2025-03-27 14:15:39,669 - INFO - Received Sequence #291 (884 bytes)
2025-03-27 14:15:39,669 - INFO - Packets Received: 292, Lost Packets: 0, Loss Rate: 0.00%, Uptime: 15.43s
2025-03-27 14:15:39,669 - INFO - Expecting Sequence #292
2025-03-27 14:15:39,686 - INFO - Sending Sequence #292 (884 bytes)
2025-03-27 14:15:39,688 - INFO - Sending Sequence #293 (884 bytes)

2025-03-27 14:15:39,688 - INFO - Packets Received: 293, Lost Packets: 0, Loss Rate: 0.00%, Uptime: 15.45s
2025-03-27 14:15:39,688 - INFO - Expecting Sequence #293
2025-03-27 14:15:39,688 - INFO - Received Sequence #293 (884 bytes)
2025-03-27 14:15:39,692 - INFO - Packets Received: 294, Lost Packets: 0, Loss Rate: 0.00%, Uptime: 15.45s
2025-03-27 14:15:39,692 - INFO - Expecting Sequence #294
2025-03-27 14:15:39,706 - INFO - Sending Sequence #294 (884 bytes)
2025-03-27 14:15:39,708 - INFO - Received Sequence #294 (884 bytes)
2025-03-27 14:15:39,708 - INFO - Sending Sequence #295 (884 bytes)
2025-03-27 14:15:39,708 - INFO - Packets Received: 295, Lost Packets: 0, Loss Rate: 0.00%, Uptime: 15.47s
2025-03-27 14:15:39,710 - INFO - Expecting Sequence #295
2025-03-27 14:15:39,711 - INFO - Received Sequence #295 (884 bytes)
2025-03-27 14:15:39,711 - INFO - Packets Received: 296, Lost Packets: 0, Loss Rate: 0.00%, Uptime: 15.47s
2025-03-27 14:15:39,711 - INFO - Expecting Sequence #296
2025-03-27 14:15:39,727 - INFO - Sending Sequence #296 (884 bytes)
2025-03-27 14:15:39,728 - INFO - Sending Sequence #297 (884 bytes)
2025-03-27 14:15:39,728 - INFO - Received Sequence #296 (884 bytes)
2025-03-27 14:15:39,728 - INFO - Packets Received: 297, Lost Packets: 0, Loss Rate: 0.00%, Uptime: 15.49s
2025-03-27 14:15:39,728 - INFO - Expecting Sequence #297
2025-03-27 14:15:39,728 - INFO - Received Sequence #297 (884 bytes)
2025-03-27 14:15:39,732 - INFO - Packets Received: 298, Lost Packets: 0, Loss Rate: 0.00%, Uptime: 15.49s
2025-03-27 14:15:39,732 - INFO - Expecting Sequence #298
2025-03-27 14:15:39,746 - INFO - Sending Sequence #298 (884 bytes)
2025-03-27 14:15:39,750 - INFO - Received Sequence #298 (884 bytes)
2025-03-27 14:15:39,750 - INFO - Sending Sequence #299 (884 bytes)
2025-03-27 14:15:39,750 - INFO - Packets Received: 299, Lost Packets: 0, Loss Rate: 0.00%, Uptime: 15.51s
2025-03-27 14:15:39,750 - INFO - Expecting Sequence #299
2025-03-27 14:15:39,752 - INFO - Received Sequence #299 (884 bytes)
2025-03-27 14:15:39,752 - INFO - Packets Received: 300, Lost Packets: 0, Loss Rate: 0.00%, Uptime: 15.51s
2025-03-27 14:15:39,752 - INFO - Expecting Sequence #300
2025-03-27 14:15:39,766 - INFO - Sending Sequence #300 (884 bytes)
2025-03-27 14:15:39,769 - INFO - Sending Sequence #301 (884 bytes)
2025-03-27 14:15:39,769 - INFO - Received Sequence #300 (884 bytes)
2025-03-27 14:15:39,769 - INFO - Packets Received: 301, Lost Packets: 0, Loss Rate: 0.00%, Uptime: 15.53s
2025-03-27 14:15:39,771 - INFO - Expecting Sequence #301
2025-03-27 14:15:39,771 - INFO - Received Sequence #301 (884 bytes)
2025-03-27 14:15:39,771 - INFO - Packets Received: 302, Lost Packets: 0, Loss Rate: 0.00%, Uptime: 15.53s
2025-03-27 14:15:39,771 - INFO - Expecting Sequence #302
2025-03-27 14:15:39,786 - INFO - Sending Sequence #302 (884 bytes)
2025-03-27 14:15:39,786 - INFO - Sending Sequence #303 (884 bytes)
2025-03-27 14:15:39,786 - INFO - Received Sequence #302 (884 bytes)
2025-03-27 14:15:39,789 - INFO - Packets Received: 303, Lost Packets: 0, Loss Rate: 0.00%, Uptime: 15.55s
2025-03-27 14:15:39,789 - INFO - Expecting Sequence #303
2025-03-27 14:15:39,789 - INFO - Received Sequence #303 (884 bytes)
2025-03-27 14:15:39,791 - INFO - Packets Received: 304, Lost Packets: 0, Loss Rate: 0.00%, Uptime: 15.55s
2025-03-27 14:15:39,791 - INFO - Expecting Sequence #304
2025-03-27 14:15:39,806 - INFO - Sending Sequence #304 (884 bytes)
2025-03-27 14:15:39,808 - INFO - Received Sequence #304 (884 bytes)
2025-03-27 14:15:39,809 - INFO - Packets Received: 305, Lost Packets: 0, Loss Rate: 0.00%, Uptime: 15.57s
2025-03-27 14:15:39,809 - INFO - Expecting Sequence #305
2025-03-27 14:15:39,809 - INFO - Received Sequence #305 (884 bytes)
2025-03-27 14:15:39,811 - INFO - Packets Received: 306, Lost Packets: 0, Loss Rate: 0.00%, Uptime: 15.57s
2025-03-27 14:15:39,811 - INFO - Expecting Sequence #306
2025-03-27 14:15:39,826 - INFO - Sending Sequence #306 (884 bytes)
2025-03-27 14:15:39,828 - INFO - Sending Sequence #307 (884 bytes)

2025-03-27 14:15:39,828 - INFO - Packets Received: 307, Lost Packets: 0, Loss Rate: 0.00%, Uptime: 15.59s
2025-03-27 14:15:39,828 - INFO - Expecting Sequence #307
2025-03-27 14:15:39,831 - INFO - Received Sequence #307 (884 bytes)
2025-03-27 14:15:39,831 - INFO - Packets Received: 308, Lost Packets: 0, Loss Rate: 0.00%, Uptime: 15.59s
2025-03-27 14:15:39,832 - INFO - Expecting Sequence #308
2025-03-27 14:15:39,846 - INFO - Sending Sequence #308 (884 bytes)
2025-03-27 14:15:39,850 - INFO - Received Sequence #308 (884 bytes)
2025-03-27 14:15:39,850 - INFO - Sending Sequence #309 (884 bytes)
2025-03-27 14:15:39,850 - INFO - Packets Received: 309, Lost Packets: 0, Loss Rate: 0.00%, Uptime: 15.61s
2025-03-27 14:15:39,850 - INFO - Expecting Sequence #309
2025-03-27 14:15:39,852 - INFO - Received Sequence #309 (884 bytes)
2025-03-27 14:15:39,852 - INFO - Packets Received: 310, Lost Packets: 0, Loss Rate: 0.00%, Uptime: 15.61s
2025-03-27 14:15:39,852 - INFO - Expecting Sequence #310
2025-03-27 14:15:39,866 - INFO - Sending Sequence #310 (884 bytes)
2025-03-27 14:15:39,866 - INFO - Received Sequence #310 (884 bytes)
2025-03-27 14:15:39,866 - INFO - Packets Received: 311, Lost Packets: 0, Loss Rate: 0.00%, Uptime: 15.62s
2025-03-27 14:15:39,866 - INFO - Expecting Sequence #311
2025-03-27 14:15:39,866 - INFO - Received Sequence #311 (884 bytes)
2025-03-27 14:15:39,866 - INFO - Packets Received: 312, Lost Packets: 0, Loss Rate: 0.00%, Uptime: 15.62s
2025-03-27 14:15:39,866 - INFO - Expecting Sequence #312
2025-03-27 14:15:39,886 - INFO - Sending Sequence #312 (884 bytes)
2025-03-27 14:15:39,889 - INFO - Sending Sequence #313 (884 bytes)
2025-03-27 14:15:39,889 - INFO - Received Sequence #312 (884 bytes)
2025-03-27 14:15:39,889 - INFO - Packets Received: 313, Lost Packets: 0, Loss Rate: 0.00%, Uptime: 15.65s
2025-03-27 14:15:39,889 - INFO - Expecting Sequence #313
2025-03-27 14:15:39,890 - INFO - Received Sequence #313 (884 bytes)
2025-03-27 14:15:39,890 - INFO - Packets Received: 314, Lost Packets: 0, Loss Rate: 0.00%, Uptime: 15.65s
2025-03-27 14:15:39,890 - INFO - Expecting Sequence #314
2025-03-27 14:15:39,907 - INFO - Exiting the program
